{"/Users/orhan/Documents/iscod/etude-cas-3/shopwise/frontend/src/app/app.html": {"path":"/Users/orhan/Documents/iscod/etude-cas-3/shopwise/frontend/src/app/app.html","statementMap":{"0":{"start":{"line":16,"column":8},"end":{"line":21,"column":null}},"1":{"start":{"line":22,"column":20},"end":{"line":22,"column":35}},"2":{"start":{"line":22,"column":35},"end":{"line":22,"column":null}},"3":{"start":{"line":23,"column":10},"end":{"line":23,"column":16}},"4":{"start":{"line":23,"column":16},"end":{"line":23,"column":32}},"5":{"start":{"line":23,"column":32},"end":{"line":23,"column":null}},"6":{"start":{"line":19,"column":10},"end":{"line":19,"column":null}},"7":{"start":{"line":31,"column":6},"end":{"line":31,"column":null}},"8":{"start":{"line":32,"column":18},"end":{"line":32,"column":33}},"9":{"start":{"line":32,"column":33},"end":{"line":32,"column":null}},"10":{"start":{"line":33,"column":8},"end":{"line":33,"column":null}},"11":{"start":{"line":34,"column":37},"end":{"line":34,"column":54}},"12":{"start":{"line":34,"column":54},"end":{"line":34,"column":null}},"13":{"start":{"line":35,"column":10},"end":{"line":35,"column":14}},"14":{"start":{"line":35,"column":14},"end":{"line":35,"column":30}},"15":{"start":{"line":35,"column":30},"end":{"line":35,"column":null}},"16":{"start":{"line":36,"column":10},"end":{"line":36,"column":13}},"17":{"start":{"line":36,"column":13},"end":{"line":36,"column":35}},"18":{"start":{"line":36,"column":35},"end":{"line":37,"column":null}},"19":{"start":{"line":1,"column":0},"end":{"line":4,"column":null}},"20":{"start":{"line":5,"column":18},"end":{"line":5,"column":28}},"21":{"start":{"line":5,"column":28},"end":{"line":5,"column":null}},"22":{"start":{"line":8,"column":6},"end":{"line":8,"column":null}},"23":{"start":{"line":9,"column":37},"end":{"line":9,"column":47}},"24":{"start":{"line":9,"column":47},"end":{"line":9,"column":null}},"25":{"start":{"line":10,"column":8},"end":{"line":10,"column":34}},"26":{"start":{"line":10,"column":34},"end":{"line":10,"column":42}},"27":{"start":{"line":10,"column":42},"end":{"line":11,"column":null}},"28":{"start":{"line":14,"column":4},"end":{"line":14,"column":null}},"29":{"start":{"line":15,"column":6},"end":{"line":15,"column":null}},"30":{"start":{"line":26,"column":4},"end":{"line":26,"column":null}},"31":{"start":{"line":29,"column":2},"end":{"line":29,"column":null}},"32":{"start":{"line":30,"column":4},"end":{"line":30,"column":null}},"33":{"start":{"line":40,"column":2},"end":{"line":40,"column":null}},"34":{"start":{"line":42,"column":2},"end":{"line":42,"column":null}},"35":{"start":{"line":43,"column":4},"end":{"line":43,"column":null}},"36":{"start":{"line":44,"column":2},"end":{"line":44,"column":null}}},"fnMap":{},"branchMap":{},"s":{"0":3,"1":6,"2":3,"3":3,"4":6,"5":3,"6":6,"7":3,"8":6,"9":3,"10":3,"11":6,"12":3,"13":3,"14":6,"15":3,"16":3,"17":6,"18":3,"19":2,"20":2,"21":2,"22":2,"23":2,"24":2,"25":2,"26":2,"27":2,"28":2,"29":2,"30":2,"31":2,"32":2,"33":2,"34":2,"35":2,"36":2},"f":{},"b":{},"meta":{"lastBranch":0,"lastFunction":0,"lastStatement":37,"seen":{"s:16:8:21:Infinity":0,"s:22:20:22:35":1,"s:22:35:22:Infinity":2,"s:23:10:23:16":3,"s:23:16:23:32":4,"s:23:32:23:Infinity":5,"s:19:10:19:Infinity":6,"s:31:6:31:Infinity":7,"s:32:18:32:33":8,"s:32:33:32:Infinity":9,"s:33:8:33:Infinity":10,"s:34:37:34:54":11,"s:34:54:34:Infinity":12,"s:35:10:35:14":13,"s:35:14:35:30":14,"s:35:30:35:Infinity":15,"s:36:10:36:13":16,"s:36:13:36:35":17,"s:36:35:37:Infinity":18,"s:1:0:4:Infinity":19,"s:5:18:5:28":20,"s:5:28:5:Infinity":21,"s:8:6:8:Infinity":22,"s:9:37:9:47":23,"s:9:47:9:Infinity":24,"s:10:8:10:34":25,"s:10:34:10:42":26,"s:10:42:11:Infinity":27,"s:14:4:14:Infinity":28,"s:15:6:15:Infinity":29,"s:26:4:26:Infinity":30,"s:29:2:29:Infinity":31,"s:30:4:30:Infinity":32,"s:40:2:40:Infinity":33,"s:42:2:42:Infinity":34,"s:43:4:43:Infinity":35,"s:44:2:44:Infinity":36}}}
,"/Users/orhan/Documents/iscod/etude-cas-3/shopwise/frontend/src/app/app.ts": {"path":"/Users/orhan/Documents/iscod/etude-cas-3/shopwise/frontend/src/app/app.ts","statementMap":{"0":{"start":{"line":20,"column":6},"end":{"line":15,"column":null}},"1":{"start":{"line":21,"column":39},"end":{"line":35,"column":null}},"2":{"start":{"line":39,"column":37},"end":{"line":56,"column":null}},"3":{"start":{"line":20,"column":13},"end":{"line":15,"column":null}},"4":{"start":{"line":20,"column":13},"end":{"line":20,"column":null}},"5":{"start":{"line":20,"column":16},"end":{"line":44,"column":null}},"6":{"start":{"line":20,"column":13},"end":{"line":16,"column":null}}},"fnMap":{"0":{"name":"(anonymous_0)","decl":{"start":{"line":20,"column":16},"end":{"line":20,"column":null}},"loc":{"start":{"line":20,"column":16},"end":{"line":30,"column":null}},"line":20}},"branchMap":{"0":{"loc":{"start":{"line":20,"column":13},"end":{"line":20,"column":16}},"type":"binary-expr","locations":[{"start":{"line":20,"column":13},"end":{"line":20,"column":16}},{"start":{"line":20,"column":13},"end":{"line":20,"column":16}}],"line":20},"1":{"loc":{"start":{"line":20,"column":16},"end":{"line":44,"column":null}},"type":"if","locations":[{"start":{"line":20,"column":16},"end":{"line":44,"column":null}},{"start":{},"end":{}}],"line":20},"2":{"loc":{"start":{"line":20,"column":13},"end":{"line":16,"column":null}},"type":"binary-expr","locations":[{"start":{"line":20,"column":13},"end":{"line":20,"column":16}},{"start":{"line":20,"column":13},"end":{"line":20,"column":16}},{"start":{"line":20,"column":13},"end":{"line":16,"column":null}}],"line":20},"3":{"loc":{"start":{"line":20,"column":13},"end":{"line":20,"column":null}},"type":"binary-expr","locations":[{"start":{"line":20,"column":13},"end":{"line":20,"column":16}},{"start":{"line":20,"column":13},"end":{"line":20,"column":16}},{"start":{"line":20,"column":13},"end":{"line":20,"column":null}}],"line":20}},"s":{"0":1,"1":2,"2":2,"3":1,"4":1,"5":4,"6":1},"f":{"0":1},"b":{"0":[2,2],"1":[2,2],"2":[1,1,1],"3":[1,1,1]},"meta":{"lastBranch":4,"lastFunction":1,"lastStatement":7,"seen":{"s:20:6:15:Infinity":0,"s:21:39:35:Infinity":1,"s:39:37:56:Infinity":2,"s:20:13:15:Infinity":3,"s:20:13:20:Infinity":4,"b:20:13:20:16:20:13:20:16":0,"f:20:16:20:Infinity":0,"b:20:16:44:Infinity:undefined:undefined:undefined:undefined":1,"s:20:16:44:Infinity":5,"s:20:13:16:Infinity":6,"b:20:13:20:16:20:13:20:16:20:13:16:Infinity":2,"b:20:13:20:16:20:13:20:16:20:13:20:Infinity":3}}}
,"/Users/orhan/Documents/iscod/etude-cas-3/shopwise/frontend/src/app/core/shopwise-api.service.ts": {"path":"/Users/orhan/Documents/iscod/etude-cas-3/shopwise/frontend/src/app/core/shopwise-api.service.ts","statementMap":{"0":{"start":{"line":17,"column":6},"end":{"line":15,"column":null}},"1":{"start":{"line":18,"column":19},"end":{"line":18,"column":null}},"2":{"start":{"line":19,"column":32},"end":{"line":19,"column":null}},"3":{"start":{"line":17,"column":13},"end":{"line":15,"column":null}},"4":{"start":{"line":22,"column":4},"end":{"line":22,"column":null}},"5":{"start":{"line":26,"column":4},"end":{"line":26,"column":null}},"6":{"start":{"line":30,"column":4},"end":{"line":30,"column":null}},"7":{"start":{"line":34,"column":4},"end":{"line":34,"column":null}},"8":{"start":{"line":38,"column":4},"end":{"line":38,"column":null}},"9":{"start":{"line":42,"column":4},"end":{"line":42,"column":null}},"10":{"start":{"line":46,"column":17},"end":{"line":46,"column":null}},"11":{"start":{"line":48,"column":4},"end":{"line":50,"column":null}},"12":{"start":{"line":49,"column":6},"end":{"line":49,"column":null}},"13":{"start":{"line":52,"column":4},"end":{"line":54,"column":null}},"14":{"start":{"line":53,"column":6},"end":{"line":53,"column":null}},"15":{"start":{"line":56,"column":4},"end":{"line":58,"column":null}},"16":{"start":{"line":57,"column":6},"end":{"line":57,"column":null}},"17":{"start":{"line":60,"column":4},"end":{"line":60,"column":null}},"18":{"start":{"line":64,"column":4},"end":{"line":64,"column":null}},"19":{"start":{"line":68,"column":4},"end":{"line":68,"column":null}},"20":{"start":{"line":72,"column":4},"end":{"line":72,"column":null}},"21":{"start":{"line":17,"column":13},"end":{"line":17,"column":null}},"22":{"start":{"line":17,"column":13},"end":{"line":16,"column":null}}},"fnMap":{"0":{"name":"(anonymous_0)","decl":{"start":{"line":21,"column":2},"end":{"line":21,"column":14}},"loc":{"start":{"line":21,"column":14},"end":{"line":23,"column":null}},"line":21},"1":{"name":"(anonymous_1)","decl":{"start":{"line":25,"column":2},"end":{"line":25,"column":17}},"loc":{"start":{"line":25,"column":41},"end":{"line":27,"column":null}},"line":25},"2":{"name":"(anonymous_2)","decl":{"start":{"line":29,"column":2},"end":{"line":29,"column":17}},"loc":{"start":{"line":29,"column":53},"end":{"line":31,"column":null}},"line":29},"3":{"name":"(anonymous_3)","decl":{"start":{"line":33,"column":2},"end":{"line":33,"column":24}},"loc":{"start":{"line":33,"column":37},"end":{"line":35,"column":null}},"line":33},"4":{"name":"(anonymous_4)","decl":{"start":{"line":37,"column":2},"end":{"line":37,"column":20}},"loc":{"start":{"line":37,"column":38},"end":{"line":39,"column":null}},"line":37},"5":{"name":"(anonymous_5)","decl":{"start":{"line":41,"column":2},"end":{"line":41,"column":13}},"loc":{"start":{"line":41,"column":13},"end":{"line":43,"column":null}},"line":41},"6":{"name":"(anonymous_6)","decl":{"start":{"line":45,"column":2},"end":{"line":45,"column":18}},"loc":{"start":{"line":45,"column":50},"end":{"line":61,"column":null}},"line":45},"7":{"name":"(anonymous_7)","decl":{"start":{"line":63,"column":2},"end":{"line":63,"column":20}},"loc":{"start":{"line":63,"column":47},"end":{"line":65,"column":null}},"line":63},"8":{"name":"(anonymous_8)","decl":{"start":{"line":67,"column":2},"end":{"line":67,"column":19}},"loc":{"start":{"line":67,"column":29},"end":{"line":69,"column":null}},"line":67},"9":{"name":"(anonymous_9)","decl":{"start":{"line":71,"column":2},"end":{"line":71,"column":20}},"loc":{"start":{"line":71,"column":30},"end":{"line":73,"column":null}},"line":71}},"branchMap":{"0":{"loc":{"start":{"line":45,"column":18},"end":{"line":45,"column":50}},"type":"default-arg","locations":[{"start":{"line":45,"column":48},"end":{"line":45,"column":50}}],"line":45},"1":{"loc":{"start":{"line":48,"column":4},"end":{"line":50,"column":null}},"type":"if","locations":[{"start":{"line":48,"column":4},"end":{"line":50,"column":null}},{"start":{},"end":{}}],"line":48},"2":{"loc":{"start":{"line":52,"column":4},"end":{"line":54,"column":null}},"type":"if","locations":[{"start":{"line":52,"column":4},"end":{"line":54,"column":null}},{"start":{},"end":{}}],"line":52},"3":{"loc":{"start":{"line":56,"column":4},"end":{"line":58,"column":null}},"type":"if","locations":[{"start":{"line":56,"column":4},"end":{"line":58,"column":null}},{"start":{},"end":{}}],"line":56},"4":{"loc":{"start":{"line":17,"column":13},"end":{"line":17,"column":31}},"type":"binary-expr","locations":[{"start":{"line":17,"column":13},"end":{"line":17,"column":31}},{"start":{"line":17,"column":13},"end":{"line":17,"column":31}}],"line":17},"5":{"loc":{"start":{"line":17,"column":13},"end":{"line":16,"column":null}},"type":"binary-expr","locations":[{"start":{"line":17,"column":13},"end":{"line":17,"column":31}},{"start":{"line":17,"column":13},"end":{"line":17,"column":31}},{"start":{"line":17,"column":13},"end":{"line":16,"column":null}}],"line":17}},"s":{"0":4,"1":6,"2":6,"3":4,"4":1,"5":1,"6":1,"7":1,"8":1,"9":1,"10":1,"11":1,"12":1,"13":1,"14":1,"15":1,"16":1,"17":1,"18":1,"19":1,"20":1,"21":6,"22":4},"f":{"0":1,"1":1,"2":1,"3":1,"4":1,"5":1,"6":1,"7":1,"8":1,"9":1},"b":{"0":[1],"1":[1,0],"2":[1,0],"3":[1,0],"4":[6,6],"5":[4,4,4]},"meta":{"lastBranch":6,"lastFunction":10,"lastStatement":23,"seen":{"s:17:6:15:Infinity":0,"s:18:19:18:Infinity":1,"s:19:32:19:Infinity":2,"s:17:13:15:Infinity":3,"f:21:2:21:14":0,"s:22:4:22:Infinity":4,"f:25:2:25:17":1,"s:26:4:26:Infinity":5,"f:29:2:29:17":2,"s:30:4:30:Infinity":6,"f:33:2:33:24":3,"s:34:4:34:Infinity":7,"f:37:2:37:20":4,"s:38:4:38:Infinity":8,"f:41:2:41:13":5,"s:42:4:42:Infinity":9,"f:45:2:45:18":6,"b:45:48:45:50":0,"s:46:17:46:Infinity":10,"b:48:4:50:Infinity:undefined:undefined:undefined:undefined":1,"s:48:4:50:Infinity":11,"s:49:6:49:Infinity":12,"b:52:4:54:Infinity:undefined:undefined:undefined:undefined":2,"s:52:4:54:Infinity":13,"s:53:6:53:Infinity":14,"b:56:4:58:Infinity:undefined:undefined:undefined:undefined":3,"s:56:4:58:Infinity":15,"s:57:6:57:Infinity":16,"s:60:4:60:Infinity":17,"f:63:2:63:20":7,"s:64:4:64:Infinity":18,"f:67:2:67:19":8,"s:68:4:68:Infinity":19,"f:71:2:71:20":9,"s:72:4:72:Infinity":20,"s:17:13:17:Infinity":21,"b:17:13:17:31:17:13:17:31":4,"s:17:13:16:Infinity":22,"b:17:13:17:31:17:13:17:31:17:13:16:Infinity":5}}}
,"/Users/orhan/Documents/iscod/etude-cas-3/shopwise/frontend/src/app/features/appointments/appointments-page/appointments-page.html": {"path":"/Users/orhan/Documents/iscod/etude-cas-3/shopwise/frontend/src/app/features/appointments/appointments-page/appointments-page.html","statementMap":{"0":{"start":{"line":24,"column":2},"end":{"line":24,"column":null}},"1":{"start":{"line":28,"column":2},"end":{"line":28,"column":28}},"2":{"start":{"line":28,"column":28},"end":{"line":28,"column":48}},"3":{"start":{"line":28,"column":48},"end":{"line":28,"column":null}},"4":{"start":{"line":53,"column":16},"end":{"line":53,"column":28}},"5":{"start":{"line":53,"column":45},"end":{"line":53,"column":70}},"6":{"start":{"line":53,"column":70},"end":{"line":53,"column":null}},"7":{"start":{"line":53,"column":28},"end":{"line":53,"column":45}},"8":{"start":{"line":64,"column":14},"end":{"line":64,"column":26}},"9":{"start":{"line":64,"column":48},"end":{"line":64,"column":77}},"10":{"start":{"line":64,"column":77},"end":{"line":64,"column":null}},"11":{"start":{"line":64,"column":26},"end":{"line":64,"column":48}},"12":{"start":{"line":97,"column":14},"end":{"line":97,"column":26}},"13":{"start":{"line":97,"column":48},"end":{"line":97,"column":77}},"14":{"start":{"line":97,"column":77},"end":{"line":97,"column":null}},"15":{"start":{"line":97,"column":26},"end":{"line":97,"column":48}},"16":{"start":{"line":101,"column":12},"end":{"line":101,"column":23}},"17":{"start":{"line":101,"column":23},"end":{"line":101,"column":44}},"18":{"start":{"line":101,"column":44},"end":{"line":101,"column":null}},"19":{"start":{"line":110,"column":14},"end":{"line":110,"column":26}},"20":{"start":{"line":110,"column":47},"end":{"line":110,"column":65}},"21":{"start":{"line":110,"column":65},"end":{"line":110,"column":null}},"22":{"start":{"line":110,"column":26},"end":{"line":110,"column":47}},"23":{"start":{"line":114,"column":12},"end":{"line":114,"column":23}},"24":{"start":{"line":114,"column":23},"end":{"line":114,"column":45}},"25":{"start":{"line":114,"column":45},"end":{"line":114,"column":null}},"26":{"start":{"line":126,"column":14},"end":{"line":126,"column":25}},"27":{"start":{"line":126,"column":25},"end":{"line":126,"column":45}},"28":{"start":{"line":126,"column":45},"end":{"line":126,"column":null}},"29":{"start":{"line":137,"column":14},"end":{"line":137,"column":25}},"30":{"start":{"line":137,"column":25},"end":{"line":137,"column":45}},"31":{"start":{"line":137,"column":45},"end":{"line":137,"column":null}},"32":{"start":{"line":182,"column":14},"end":{"line":182,"column":31}},"33":{"start":{"line":182,"column":31},"end":{"line":182,"column":54}},"34":{"start":{"line":182,"column":54},"end":{"line":182,"column":null}},"35":{"start":{"line":167,"column":8},"end":{"line":169,"column":null}},"36":{"start":{"line":170,"column":18},"end":{"line":170,"column":59}},"37":{"start":{"line":170,"column":59},"end":{"line":170,"column":null}},"38":{"start":{"line":171,"column":14},"end":{"line":171,"column":44}},"39":{"start":{"line":172,"column":16},"end":{"line":172,"column":null}},"40":{"start":{"line":173,"column":14},"end":{"line":173,"column":null}},"41":{"start":{"line":176,"column":12},"end":{"line":176,"column":15}},"42":{"start":{"line":176,"column":15},"end":{"line":176,"column":45}},"43":{"start":{"line":176,"column":45},"end":{"line":176,"column":null}},"44":{"start":{"line":177,"column":12},"end":{"line":177,"column":null}},"45":{"start":{"line":178,"column":14},"end":{"line":178,"column":null}},"46":{"start":{"line":179,"column":12},"end":{"line":179,"column":null}},"47":{"start":{"line":181,"column":12},"end":{"line":181,"column":null}},"48":{"start":{"line":184,"column":10},"end":{"line":184,"column":null}},"49":{"start":{"line":186,"column":10},"end":{"line":186,"column":null}},"50":{"start":{"line":190,"column":14},"end":{"line":190,"column":null}},"51":{"start":{"line":190,"column":14},"end":{"line":190,"column":23}},"52":{"start":{"line":193,"column":14},"end":{"line":193,"column":24}},"53":{"start":{"line":193,"column":24},"end":{"line":193,"column":36}},"54":{"start":{"line":193,"column":36},"end":{"line":193,"column":null}},"55":{"start":{"line":194,"column":14},"end":{"line":194,"column":20}},"56":{"start":{"line":194,"column":20},"end":{"line":194,"column":26}},"57":{"start":{"line":194,"column":26},"end":{"line":194,"column":null}},"58":{"start":{"line":197,"column":12},"end":{"line":197,"column":null}},"59":{"start":{"line":200,"column":14},"end":{"line":200,"column":null}},"60":{"start":{"line":200,"column":14},"end":{"line":200,"column":23}},"61":{"start":{"line":203,"column":14},"end":{"line":203,"column":24}},"62":{"start":{"line":203,"column":24},"end":{"line":203,"column":30}},"63":{"start":{"line":203,"column":30},"end":{"line":203,"column":null}},"64":{"start":{"line":204,"column":14},"end":{"line":204,"column":20}},"65":{"start":{"line":204,"column":20},"end":{"line":204,"column":27}},"66":{"start":{"line":204,"column":27},"end":{"line":206,"column":null}},"67":{"start":{"line":171,"column":44},"end":{"line":171,"column":null}},"68":{"start":{"line":191,"column":14},"end":{"line":191,"column":null}},"69":{"start":{"line":201,"column":14},"end":{"line":201,"column":null}},"70":{"start":{"line":209,"column":8},"end":{"line":209,"column":31}},"71":{"start":{"line":209,"column":31},"end":{"line":209,"column":73}},"72":{"start":{"line":209,"column":73},"end":{"line":209,"column":null}},"73":{"start":{"line":1,"column":0},"end":{"line":2,"column":null}},"74":{"start":{"line":3,"column":23},"end":{"line":3,"column":46}},"75":{"start":{"line":3,"column":46},"end":{"line":3,"column":null}},"76":{"start":{"line":4,"column":4},"end":{"line":4,"column":8}},"77":{"start":{"line":4,"column":8},"end":{"line":4,"column":25}},"78":{"start":{"line":4,"column":25},"end":{"line":4,"column":null}},"79":{"start":{"line":5,"column":4},"end":{"line":5,"column":null}},"80":{"start":{"line":6,"column":6},"end":{"line":6,"column":null}},"81":{"start":{"line":8,"column":4},"end":{"line":8,"column":null}},"82":{"start":{"line":11,"column":2},"end":{"line":12,"column":null}},"83":{"start":{"line":13,"column":12},"end":{"line":13,"column":23}},"84":{"start":{"line":13,"column":23},"end":{"line":13,"column":null}},"85":{"start":{"line":14,"column":6},"end":{"line":14,"column":14}},"86":{"start":{"line":14,"column":14},"end":{"line":14,"column":41}},"87":{"start":{"line":14,"column":41},"end":{"line":14,"column":null}},"88":{"start":{"line":16,"column":4},"end":{"line":16,"column":null}},"89":{"start":{"line":17,"column":12},"end":{"line":17,"column":39}},"90":{"start":{"line":17,"column":39},"end":{"line":17,"column":null}},"91":{"start":{"line":18,"column":6},"end":{"line":18,"column":14}},"92":{"start":{"line":18,"column":14},"end":{"line":18,"column":17}},"93":{"start":{"line":18,"column":17},"end":{"line":20,"column":null}},"94":{"start":{"line":23,"column":0},"end":{"line":23,"column":null}},"95":{"start":{"line":27,"column":0},"end":{"line":27,"column":null}},"96":{"start":{"line":31,"column":0},"end":{"line":35,"column":null}},"97":{"start":{"line":36,"column":14},"end":{"line":36,"column":37}},"98":{"start":{"line":36,"column":37},"end":{"line":36,"column":null}},"99":{"start":{"line":37,"column":10},"end":{"line":37,"column":13}},"100":{"start":{"line":37,"column":13},"end":{"line":37,"column":82}},"101":{"start":{"line":37,"column":82},"end":{"line":38,"column":null}},"102":{"start":{"line":41,"column":6},"end":{"line":41,"column":33}},"103":{"start":{"line":41,"column":58},"end":{"line":41,"column":null}},"104":{"start":{"line":41,"column":58},"end":{"line":41,"column":84}},"105":{"start":{"line":42,"column":8},"end":{"line":43,"column":null}},"106":{"start":{"line":44,"column":23},"end":{"line":44,"column":27}},"107":{"start":{"line":44,"column":27},"end":{"line":44,"column":null}},"108":{"start":{"line":45,"column":12},"end":{"line":45,"column":null}},"109":{"start":{"line":46,"column":10},"end":{"line":46,"column":null}},"110":{"start":{"line":48,"column":10},"end":{"line":48,"column":null}},"111":{"start":{"line":49,"column":23},"end":{"line":49,"column":29}},"112":{"start":{"line":49,"column":29},"end":{"line":49,"column":null}},"113":{"start":{"line":50,"column":12},"end":{"line":50,"column":null}},"114":{"start":{"line":51,"column":35},"end":{"line":51,"column":39}},"115":{"start":{"line":51,"column":39},"end":{"line":51,"column":null}},"116":{"start":{"line":52,"column":14},"end":{"line":52,"column":null}},"117":{"start":{"line":55,"column":12},"end":{"line":56,"column":null}},"118":{"start":{"line":59,"column":8},"end":{"line":59,"column":null}},"119":{"start":{"line":60,"column":21},"end":{"line":60,"column":27}},"120":{"start":{"line":60,"column":27},"end":{"line":60,"column":null}},"121":{"start":{"line":61,"column":10},"end":{"line":61,"column":null}},"122":{"start":{"line":62,"column":33},"end":{"line":62,"column":49}},"123":{"start":{"line":62,"column":49},"end":{"line":62,"column":null}},"124":{"start":{"line":63,"column":12},"end":{"line":63,"column":23}},"125":{"start":{"line":66,"column":10},"end":{"line":66,"column":null}},"126":{"start":{"line":69,"column":8},"end":{"line":70,"column":null}},"127":{"start":{"line":71,"column":22},"end":{"line":71,"column":33}},"128":{"start":{"line":71,"column":33},"end":{"line":71,"column":null}},"129":{"start":{"line":72,"column":12},"end":{"line":72,"column":18}},"130":{"start":{"line":72,"column":18},"end":{"line":72,"column":27}},"131":{"start":{"line":72,"column":27},"end":{"line":72,"column":null}},"132":{"start":{"line":75,"column":10},"end":{"line":75,"column":51}},"133":{"start":{"line":75,"column":51},"end":{"line":75,"column":null}},"134":{"start":{"line":75,"column":51},"end":{"line":75,"column":74}},"135":{"start":{"line":76,"column":12},"end":{"line":76,"column":22}},"136":{"start":{"line":76,"column":22},"end":{"line":76,"column":33}},"137":{"start":{"line":76,"column":33},"end":{"line":76,"column":null}},"138":{"start":{"line":77,"column":12},"end":{"line":77,"column":18}},"139":{"start":{"line":77,"column":18},"end":{"line":77,"column":31}},"140":{"start":{"line":77,"column":31},"end":{"line":80,"column":null}},"141":{"start":{"line":83,"column":4},"end":{"line":85,"column":null}},"142":{"start":{"line":86,"column":14},"end":{"line":86,"column":33}},"143":{"start":{"line":86,"column":33},"end":{"line":86,"column":null}},"144":{"start":{"line":87,"column":10},"end":{"line":87,"column":13}},"145":{"start":{"line":87,"column":13},"end":{"line":87,"column":80}},"146":{"start":{"line":87,"column":80},"end":{"line":88,"column":null}},"147":{"start":{"line":91,"column":6},"end":{"line":91,"column":37}},"148":{"start":{"line":91,"column":67},"end":{"line":91,"column":null}},"149":{"start":{"line":91,"column":67},"end":{"line":91,"column":98}},"150":{"start":{"line":92,"column":8},"end":{"line":92,"column":null}},"151":{"start":{"line":93,"column":21},"end":{"line":93,"column":27}},"152":{"start":{"line":93,"column":27},"end":{"line":93,"column":null}},"153":{"start":{"line":94,"column":10},"end":{"line":94,"column":null}},"154":{"start":{"line":95,"column":36},"end":{"line":95,"column":58}},"155":{"start":{"line":95,"column":58},"end":{"line":95,"column":null}},"156":{"start":{"line":96,"column":12},"end":{"line":96,"column":23}},"157":{"start":{"line":99,"column":10},"end":{"line":99,"column":null}},"158":{"start":{"line":100,"column":10},"end":{"line":100,"column":null}},"159":{"start":{"line":103,"column":8},"end":{"line":103,"column":null}},"160":{"start":{"line":105,"column":8},"end":{"line":105,"column":null}},"161":{"start":{"line":106,"column":21},"end":{"line":106,"column":28}},"162":{"start":{"line":106,"column":28},"end":{"line":106,"column":null}},"163":{"start":{"line":107,"column":10},"end":{"line":107,"column":null}},"164":{"start":{"line":108,"column":36},"end":{"line":108,"column":59}},"165":{"start":{"line":108,"column":59},"end":{"line":108,"column":null}},"166":{"start":{"line":109,"column":12},"end":{"line":109,"column":22}},"167":{"start":{"line":112,"column":10},"end":{"line":112,"column":null}},"168":{"start":{"line":113,"column":10},"end":{"line":113,"column":null}},"169":{"start":{"line":116,"column":8},"end":{"line":116,"column":null}},"170":{"start":{"line":118,"column":8},"end":{"line":119,"column":null}},"171":{"start":{"line":120,"column":23},"end":{"line":120,"column":27}},"172":{"start":{"line":120,"column":27},"end":{"line":120,"column":null}},"173":{"start":{"line":121,"column":12},"end":{"line":121,"column":null}},"174":{"start":{"line":122,"column":12},"end":{"line":122,"column":null}},"175":{"start":{"line":128,"column":10},"end":{"line":128,"column":null}},"176":{"start":{"line":130,"column":10},"end":{"line":130,"column":null}},"177":{"start":{"line":131,"column":23},"end":{"line":131,"column":28}},"178":{"start":{"line":131,"column":28},"end":{"line":131,"column":null}},"179":{"start":{"line":132,"column":12},"end":{"line":132,"column":null}},"180":{"start":{"line":133,"column":12},"end":{"line":133,"column":null}},"181":{"start":{"line":139,"column":10},"end":{"line":139,"column":null}},"182":{"start":{"line":142,"column":8},"end":{"line":142,"column":null}},"183":{"start":{"line":143,"column":21},"end":{"line":143,"column":26}},"184":{"start":{"line":143,"column":26},"end":{"line":143,"column":null}},"185":{"start":{"line":144,"column":10},"end":{"line":144,"column":null}},"186":{"start":{"line":145,"column":8},"end":{"line":145,"column":null}},"187":{"start":{"line":147,"column":8},"end":{"line":148,"column":null}},"188":{"start":{"line":149,"column":22},"end":{"line":149,"column":37}},"189":{"start":{"line":149,"column":37},"end":{"line":149,"column":null}},"190":{"start":{"line":150,"column":12},"end":{"line":150,"column":18}},"191":{"start":{"line":150,"column":18},"end":{"line":150,"column":38}},"192":{"start":{"line":150,"column":38},"end":{"line":154,"column":null}},"193":{"start":{"line":157,"column":2},"end":{"line":159,"column":null}},"194":{"start":{"line":160,"column":12},"end":{"line":160,"column":35}},"195":{"start":{"line":160,"column":35},"end":{"line":160,"column":null}},"196":{"start":{"line":161,"column":8},"end":{"line":161,"column":11}},"197":{"start":{"line":161,"column":11},"end":{"line":161,"column":83}},"198":{"start":{"line":161,"column":83},"end":{"line":162,"column":null}},"199":{"start":{"line":165,"column":4},"end":{"line":165,"column":null}},"200":{"start":{"line":166,"column":6},"end":{"line":166,"column":20}},"201":{"start":{"line":211,"column":4},"end":{"line":212,"column":null}},"202":{"start":{"line":41,"column":33},"end":{"line":41,"column":58}},"203":{"start":{"line":63,"column":12},"end":{"line":63,"column":null}},"204":{"start":{"line":91,"column":37},"end":{"line":91,"column":67}},"205":{"start":{"line":95,"column":24},"end":{"line":95,"column":36}},"206":{"start":{"line":96,"column":12},"end":{"line":96,"column":null}},"207":{"start":{"line":108,"column":24},"end":{"line":108,"column":36}},"208":{"start":{"line":109,"column":12},"end":{"line":109,"column":null}},"209":{"start":{"line":148,"column":48},"end":{"line":148,"column":72}},"210":{"start":{"line":166,"column":6},"end":{"line":166,"column":null}}},"fnMap":{"0":{"name":"AppointmentsPage_For_119_Template_button_click_13_listener","decl":{"start":{"line":190,"column":14},"end":{"line":190,"column":23}},"loc":{"start":{"line":190,"column":14},"end":{"line":190,"column":null}},"line":190},"1":{"name":"AppointmentsPage_For_119_Template_button_click_18_listener","decl":{"start":{"line":200,"column":14},"end":{"line":200,"column":23}},"loc":{"start":{"line":200,"column":14},"end":{"line":200,"column":null}},"line":200},"2":{"name":"AppointmentsPage_Template_form_ngSubmit_30_listener","decl":{"start":{"line":41,"column":58},"end":{"line":41,"column":70}},"loc":{"start":{"line":41,"column":58},"end":{"line":41,"column":null}},"line":41},"3":{"name":"AppointmentsPage_Template_button_click_58_listener","decl":{"start":{"line":75,"column":51},"end":{"line":75,"column":60}},"loc":{"start":{"line":75,"column":51},"end":{"line":75,"column":null}},"line":75},"4":{"name":"AppointmentsPage_Template_form_ngSubmit_70_listener","decl":{"start":{"line":91,"column":67},"end":{"line":91,"column":79}},"loc":{"start":{"line":91,"column":67},"end":{"line":91,"column":null}},"line":91}},"branchMap":{"0":{"loc":{"start":{"line":181,"column":12},"end":{"line":181,"column":null}},"type":"cond-expr","locations":[{"start":{"line":181,"column":12},"end":{"line":181,"column":null}},{"start":{"line":181,"column":12},"end":{"line":181,"column":null}}],"line":181},"1":{"loc":{"start":{"line":23,"column":0},"end":{"line":23,"column":null}},"type":"cond-expr","locations":[{"start":{"line":23,"column":0},"end":{"line":23,"column":null}},{"start":{"line":23,"column":0},"end":{"line":23,"column":null}}],"line":23},"2":{"loc":{"start":{"line":27,"column":0},"end":{"line":27,"column":null}},"type":"cond-expr","locations":[{"start":{"line":27,"column":0},"end":{"line":27,"column":null}},{"start":{"line":27,"column":0},"end":{"line":27,"column":null}}],"line":27},"3":{"loc":{"start":{"line":100,"column":10},"end":{"line":100,"column":null}},"type":"cond-expr","locations":[{"start":{"line":100,"column":10},"end":{"line":100,"column":null}},{"start":{"line":100,"column":10},"end":{"line":100,"column":null}}],"line":100},"4":{"loc":{"start":{"line":113,"column":10},"end":{"line":113,"column":null}},"type":"cond-expr","locations":[{"start":{"line":113,"column":10},"end":{"line":113,"column":null}},{"start":{"line":113,"column":10},"end":{"line":113,"column":null}}],"line":113},"5":{"loc":{"start":{"line":122,"column":12},"end":{"line":122,"column":null}},"type":"cond-expr","locations":[{"start":{"line":122,"column":12},"end":{"line":122,"column":null}},{"start":{"line":122,"column":12},"end":{"line":122,"column":null}}],"line":122},"6":{"loc":{"start":{"line":133,"column":12},"end":{"line":133,"column":null}},"type":"cond-expr","locations":[{"start":{"line":133,"column":12},"end":{"line":133,"column":null}},{"start":{"line":133,"column":12},"end":{"line":133,"column":null}}],"line":133}},"s":{"0":0,"1":0,"2":0,"3":0,"4":6,"5":12,"6":6,"7":12,"8":2,"9":4,"10":2,"11":4,"12":2,"13":4,"14":2,"15":4,"16":0,"17":0,"18":0,"19":2,"20":4,"21":2,"22":4,"23":0,"24":0,"25":0,"26":0,"27":0,"28":0,"29":0,"30":0,"31":0,"32":2,"33":4,"34":2,"35":2,"36":4,"37":2,"38":2,"39":4,"40":2,"41":2,"42":4,"43":2,"44":2,"45":4,"46":2,"47":4,"48":2,"49":2,"50":0,"51":0,"52":2,"53":2,"54":2,"55":2,"56":2,"57":2,"58":2,"59":0,"60":0,"61":2,"62":2,"63":2,"64":2,"65":2,"66":2,"67":4,"68":4,"69":4,"70":0,"71":0,"72":0,"73":2,"74":2,"75":2,"76":2,"77":2,"78":2,"79":2,"80":2,"81":2,"82":2,"83":2,"84":2,"85":2,"86":4,"87":2,"88":2,"89":2,"90":2,"91":2,"92":2,"93":2,"94":4,"95":4,"96":2,"97":2,"98":2,"99":2,"100":2,"101":2,"102":2,"103":2,"104":0,"105":2,"106":2,"107":2,"108":2,"109":2,"110":2,"111":2,"112":2,"113":2,"114":2,"115":2,"116":4,"117":2,"118":2,"119":2,"120":2,"121":2,"122":2,"123":2,"124":4,"125":2,"126":2,"127":2,"128":2,"129":2,"130":2,"131":2,"132":2,"133":2,"134":0,"135":2,"136":2,"137":2,"138":2,"139":2,"140":2,"141":2,"142":2,"143":2,"144":2,"145":2,"146":2,"147":2,"148":2,"149":0,"150":2,"151":2,"152":2,"153":2,"154":2,"155":2,"156":4,"157":2,"158":4,"159":2,"160":2,"161":2,"162":2,"163":2,"164":2,"165":2,"166":4,"167":2,"168":4,"169":2,"170":2,"171":2,"172":2,"173":2,"174":4,"175":2,"176":2,"177":2,"178":2,"179":2,"180":4,"181":2,"182":2,"183":2,"184":2,"185":2,"186":2,"187":2,"188":2,"189":2,"190":2,"191":2,"192":2,"193":2,"194":2,"195":2,"196":2,"197":2,"198":2,"199":2,"200":4,"201":2,"202":4,"203":4,"204":4,"205":4,"206":4,"207":4,"208":4,"209":4,"210":4},"f":{"0":0,"1":0,"2":0,"3":0,"4":0},"b":{"0":[4,0],"1":[0,4],"2":[0,4],"3":[4,8],"4":[4,8],"5":[4,8],"6":[4,8]},"meta":{"lastBranch":7,"lastFunction":5,"lastStatement":211,"seen":{"s:24:2:24:Infinity":0,"s:28:2:28:28":1,"s:28:28:28:48":2,"s:28:48:28:Infinity":3,"s:53:16:53:28":4,"s:53:45:53:70":5,"s:53:70:53:Infinity":6,"s:53:28:53:45":7,"s:64:14:64:26":8,"s:64:48:64:77":9,"s:64:77:64:Infinity":10,"s:64:26:64:48":11,"s:97:14:97:26":12,"s:97:48:97:77":13,"s:97:77:97:Infinity":14,"s:97:26:97:48":15,"s:101:12:101:23":16,"s:101:23:101:44":17,"s:101:44:101:Infinity":18,"s:110:14:110:26":19,"s:110:47:110:65":20,"s:110:65:110:Infinity":21,"s:110:26:110:47":22,"s:114:12:114:23":23,"s:114:23:114:45":24,"s:114:45:114:Infinity":25,"s:126:14:126:25":26,"s:126:25:126:45":27,"s:126:45:126:Infinity":28,"s:137:14:137:25":29,"s:137:25:137:45":30,"s:137:45:137:Infinity":31,"s:182:14:182:31":32,"s:182:31:182:54":33,"s:182:54:182:Infinity":34,"s:167:8:169:Infinity":35,"s:170:18:170:59":36,"s:170:59:170:Infinity":37,"s:171:14:171:44":38,"s:172:16:172:Infinity":39,"s:173:14:173:Infinity":40,"s:176:12:176:15":41,"s:176:15:176:45":42,"s:176:45:176:Infinity":43,"s:177:12:177:Infinity":44,"s:178:14:178:Infinity":45,"s:179:12:179:Infinity":46,"s:181:12:181:Infinity":47,"s:184:10:184:Infinity":48,"s:186:10:186:Infinity":49,"s:190:14:190:Infinity":50,"f:190:14:190:23":0,"s:190:14:190:23":51,"s:193:14:193:24":52,"s:193:24:193:36":53,"s:193:36:193:Infinity":54,"s:194:14:194:20":55,"s:194:20:194:26":56,"s:194:26:194:Infinity":57,"s:197:12:197:Infinity":58,"s:200:14:200:Infinity":59,"f:200:14:200:23":1,"s:200:14:200:23":60,"s:203:14:203:24":61,"s:203:24:203:30":62,"s:203:30:203:Infinity":63,"s:204:14:204:20":64,"s:204:20:204:27":65,"s:204:27:206:Infinity":66,"s:171:44:171:Infinity":67,"b:181:12:181:Infinity:181:12:181:Infinity":0,"s:191:14:191:Infinity":68,"s:201:14:201:Infinity":69,"s:209:8:209:31":70,"s:209:31:209:73":71,"s:209:73:209:Infinity":72,"s:1:0:2:Infinity":73,"s:3:23:3:46":74,"s:3:46:3:Infinity":75,"s:4:4:4:8":76,"s:4:8:4:25":77,"s:4:25:4:Infinity":78,"s:5:4:5:Infinity":79,"s:6:6:6:Infinity":80,"s:8:4:8:Infinity":81,"s:11:2:12:Infinity":82,"s:13:12:13:23":83,"s:13:23:13:Infinity":84,"s:14:6:14:14":85,"s:14:14:14:41":86,"s:14:41:14:Infinity":87,"s:16:4:16:Infinity":88,"s:17:12:17:39":89,"s:17:39:17:Infinity":90,"s:18:6:18:14":91,"s:18:14:18:17":92,"s:18:17:20:Infinity":93,"s:23:0:23:Infinity":94,"s:27:0:27:Infinity":95,"s:31:0:35:Infinity":96,"s:36:14:36:37":97,"s:36:37:36:Infinity":98,"s:37:10:37:13":99,"s:37:13:37:82":100,"s:37:82:38:Infinity":101,"s:41:6:41:33":102,"s:41:58:41:Infinity":103,"f:41:58:41:70":2,"s:41:58:41:84":104,"s:42:8:43:Infinity":105,"s:44:23:44:27":106,"s:44:27:44:Infinity":107,"s:45:12:45:Infinity":108,"s:46:10:46:Infinity":109,"s:48:10:48:Infinity":110,"s:49:23:49:29":111,"s:49:29:49:Infinity":112,"s:50:12:50:Infinity":113,"s:51:35:51:39":114,"s:51:39:51:Infinity":115,"s:52:14:52:Infinity":116,"s:55:12:56:Infinity":117,"s:59:8:59:Infinity":118,"s:60:21:60:27":119,"s:60:27:60:Infinity":120,"s:61:10:61:Infinity":121,"s:62:33:62:49":122,"s:62:49:62:Infinity":123,"s:63:12:63:23":124,"s:66:10:66:Infinity":125,"s:69:8:70:Infinity":126,"s:71:22:71:33":127,"s:71:33:71:Infinity":128,"s:72:12:72:18":129,"s:72:18:72:27":130,"s:72:27:72:Infinity":131,"s:75:10:75:51":132,"s:75:51:75:Infinity":133,"f:75:51:75:60":3,"s:75:51:75:74":134,"s:76:12:76:22":135,"s:76:22:76:33":136,"s:76:33:76:Infinity":137,"s:77:12:77:18":138,"s:77:18:77:31":139,"s:77:31:80:Infinity":140,"s:83:4:85:Infinity":141,"s:86:14:86:33":142,"s:86:33:86:Infinity":143,"s:87:10:87:13":144,"s:87:13:87:80":145,"s:87:80:88:Infinity":146,"s:91:6:91:37":147,"s:91:67:91:Infinity":148,"f:91:67:91:79":4,"s:91:67:91:98":149,"s:92:8:92:Infinity":150,"s:93:21:93:27":151,"s:93:27:93:Infinity":152,"s:94:10:94:Infinity":153,"s:95:36:95:58":154,"s:95:58:95:Infinity":155,"s:96:12:96:23":156,"s:99:10:99:Infinity":157,"s:100:10:100:Infinity":158,"s:103:8:103:Infinity":159,"s:105:8:105:Infinity":160,"s:106:21:106:28":161,"s:106:28:106:Infinity":162,"s:107:10:107:Infinity":163,"s:108:36:108:59":164,"s:108:59:108:Infinity":165,"s:109:12:109:22":166,"s:112:10:112:Infinity":167,"s:113:10:113:Infinity":168,"s:116:8:116:Infinity":169,"s:118:8:119:Infinity":170,"s:120:23:120:27":171,"s:120:27:120:Infinity":172,"s:121:12:121:Infinity":173,"s:122:12:122:Infinity":174,"s:128:10:128:Infinity":175,"s:130:10:130:Infinity":176,"s:131:23:131:28":177,"s:131:28:131:Infinity":178,"s:132:12:132:Infinity":179,"s:133:12:133:Infinity":180,"s:139:10:139:Infinity":181,"s:142:8:142:Infinity":182,"s:143:21:143:26":183,"s:143:26:143:Infinity":184,"s:144:10:144:Infinity":185,"s:145:8:145:Infinity":186,"s:147:8:148:Infinity":187,"s:149:22:149:37":188,"s:149:37:149:Infinity":189,"s:150:12:150:18":190,"s:150:18:150:38":191,"s:150:38:154:Infinity":192,"s:157:2:159:Infinity":193,"s:160:12:160:35":194,"s:160:35:160:Infinity":195,"s:161:8:161:11":196,"s:161:11:161:83":197,"s:161:83:162:Infinity":198,"s:165:4:165:Infinity":199,"s:166:6:166:20":200,"s:211:4:212:Infinity":201,"b:23:0:23:Infinity:23:0:23:Infinity":1,"b:27:0:27:Infinity:27:0:27:Infinity":2,"s:41:33:41:58":202,"s:63:12:63:Infinity":203,"s:91:37:91:67":204,"s:95:24:95:36":205,"s:96:12:96:Infinity":206,"b:100:10:100:Infinity:100:10:100:Infinity":3,"s:108:24:108:36":207,"s:109:12:109:Infinity":208,"b:113:10:113:Infinity:113:10:113:Infinity":4,"b:122:12:122:Infinity:122:12:122:Infinity":5,"b:133:12:133:Infinity:133:12:133:Infinity":6,"s:148:48:148:72":209,"s:166:6:166:Infinity":210}}}
,"/Users/orhan/Documents/iscod/etude-cas-3/shopwise/frontend/src/app/features/appointments/appointments-page/appointments-page.ts": {"path":"/Users/orhan/Documents/iscod/etude-cas-3/shopwise/frontend/src/app/features/appointments/appointments-page/appointments-page.ts","statementMap":{"0":{"start":{"line":43,"column":6},"end":{"line":38,"column":null}},"1":{"start":{"line":44,"column":19},"end":{"line":44,"column":null}},"2":{"start":{"line":45,"column":19},"end":{"line":45,"column":null}},"3":{"start":{"line":46,"column":19},"end":{"line":46,"column":null}},"4":{"start":{"line":48,"column":21},"end":{"line":48,"column":null}},"5":{"start":{"line":49,"column":21},"end":{"line":49,"column":null}},"6":{"start":{"line":50,"column":21},"end":{"line":50,"column":null}},"7":{"start":{"line":51,"column":21},"end":{"line":51,"column":null}},"8":{"start":{"line":52,"column":21},"end":{"line":52,"column":null}},"9":{"start":{"line":53,"column":21},"end":{"line":53,"column":null}},"10":{"start":{"line":54,"column":21},"end":{"line":54,"column":null}},"11":{"start":{"line":55,"column":58},"end":{"line":55,"column":null}},"12":{"start":{"line":57,"column":34},"end":{"line":61,"column":null}},"13":{"start":{"line":63,"column":39},"end":{"line":69,"column":null}},"14":{"start":{"line":43,"column":13},"end":{"line":38,"column":null}},"15":{"start":{"line":72,"column":4},"end":{"line":72,"column":null}},"16":{"start":{"line":76,"column":4},"end":{"line":76,"column":null}},"17":{"start":{"line":80,"column":4},"end":{"line":84,"column":null}},"18":{"start":{"line":85,"column":4},"end":{"line":85,"column":null}},"19":{"start":{"line":89,"column":4},"end":{"line":92,"column":null}},"20":{"start":{"line":90,"column":6},"end":{"line":90,"column":null}},"21":{"start":{"line":91,"column":6},"end":{"line":91,"column":null}},"22":{"start":{"line":94,"column":4},"end":{"line":94,"column":null}},"23":{"start":{"line":95,"column":4},"end":{"line":95,"column":null}},"24":{"start":{"line":97,"column":20},"end":{"line":97,"column":null}},"25":{"start":{"line":98,"column":40},"end":{"line":103,"column":null}},"26":{"start":{"line":106,"column":4},"end":{"line":126,"column":null}},"27":{"start":{"line":108,"column":27},"end":{"line":108,"column":51}},"28":{"start":{"line":111,"column":10},"end":{"line":111,"column":null}},"29":{"start":{"line":112,"column":10},"end":{"line":118,"column":null}},"30":{"start":{"line":119,"column":10},"end":{"line":119,"column":null}},"31":{"start":{"line":122,"column":10},"end":{"line":123,"column":null}},"32":{"start":{"line":130,"column":4},"end":{"line":130,"column":null}},"33":{"start":{"line":134,"column":4},"end":{"line":134,"column":null}},"34":{"start":{"line":138,"column":4},"end":{"line":138,"column":null}},"35":{"start":{"line":142,"column":4},"end":{"line":142,"column":null}},"36":{"start":{"line":146,"column":4},"end":{"line":150,"column":null}},"37":{"start":{"line":154,"column":4},"end":{"line":154,"column":null}},"38":{"start":{"line":158,"column":4},"end":{"line":160,"column":null}},"39":{"start":{"line":159,"column":6},"end":{"line":159,"column":null}},"40":{"start":{"line":162,"column":4},"end":{"line":164,"column":null}},"41":{"start":{"line":163,"column":6},"end":{"line":163,"column":null}},"42":{"start":{"line":166,"column":4},"end":{"line":166,"column":null}},"43":{"start":{"line":170,"column":4},"end":{"line":170,"column":null}},"44":{"start":{"line":171,"column":4},"end":{"line":171,"column":null}},"45":{"start":{"line":173,"column":4},"end":{"line":190,"column":null}},"46":{"start":{"line":178,"column":27},"end":{"line":178,"column":52}},"47":{"start":{"line":181,"column":10},"end":{"line":181,"column":null}},"48":{"start":{"line":182,"column":10},"end":{"line":182,"column":null}},"49":{"start":{"line":183,"column":10},"end":{"line":183,"column":null}},"50":{"start":{"line":186,"column":10},"end":{"line":187,"column":null}},"51":{"start":{"line":194,"column":4},"end":{"line":194,"column":null}},"52":{"start":{"line":195,"column":4},"end":{"line":195,"column":null}},"53":{"start":{"line":197,"column":4},"end":{"line":205,"column":null}},"54":{"start":{"line":199,"column":27},"end":{"line":199,"column":52}},"55":{"start":{"line":201,"column":32},"end":{"line":201,"column":null}},"56":{"start":{"line":203,"column":10},"end":{"line":203,"column":null}},"57":{"start":{"line":209,"column":23},"end":{"line":209,"column":null}},"58":{"start":{"line":211,"column":4},"end":{"line":214,"column":null}},"59":{"start":{"line":219,"column":4},"end":{"line":219,"column":null}},"60":{"start":{"line":220,"column":4},"end":{"line":220,"column":null}},"61":{"start":{"line":222,"column":21},"end":{"line":222,"column":null}},"62":{"start":{"line":224,"column":4},"end":{"line":248,"column":null}},"63":{"start":{"line":225,"column":27},"end":{"line":225,"column":56}},"64":{"start":{"line":228,"column":10},"end":{"line":231,"column":null}},"65":{"start":{"line":230,"column":49},"end":{"line":230,"column":97}},"66":{"start":{"line":233,"column":10},"end":{"line":238,"column":null}},"67":{"start":{"line":242,"column":10},"end":{"line":245,"column":null}},"68":{"start":{"line":252,"column":4},"end":{"line":256,"column":null}},"69":{"start":{"line":253,"column":22},"end":{"line":253,"column":null}},"70":{"start":{"line":254,"column":23},"end":{"line":254,"column":null}},"71":{"start":{"line":255,"column":6},"end":{"line":255,"column":null}},"72":{"start":{"line":260,"column":4},"end":{"line":261,"column":null}},"73":{"start":{"line":261,"column":6},"end":{"line":261,"column":102}},"74":{"start":{"line":266,"column":4},"end":{"line":266,"column":null}},"75":{"start":{"line":266,"column":47},"end":{"line":266,"column":88}},"76":{"start":{"line":43,"column":13},"end":{"line":43,"column":null}},"77":{"start":{"line":43,"column":29},"end":{"line":212,"column":null}},"78":{"start":{"line":43,"column":13},"end":{"line":39,"column":null}}},"fnMap":{"0":{"name":"(anonymous_0)","decl":{"start":{"line":71,"column":2},"end":{"line":71,"column":10}},"loc":{"start":{"line":71,"column":10},"end":{"line":73,"column":null}},"line":71},"1":{"name":"(anonymous_1)","decl":{"start":{"line":75,"column":12},"end":{"line":75,"column":24}},"loc":{"start":{"line":75,"column":24},"end":{"line":77,"column":null}},"line":75},"2":{"name":"(anonymous_2)","decl":{"start":{"line":79,"column":12},"end":{"line":79,"column":24}},"loc":{"start":{"line":79,"column":24},"end":{"line":86,"column":null}},"line":79},"3":{"name":"(anonymous_3)","decl":{"start":{"line":88,"column":12},"end":{"line":88,"column":29}},"loc":{"start":{"line":88,"column":29},"end":{"line":127,"column":null}},"line":88},"4":{"name":"(anonymous_4)","decl":{"start":{"line":108,"column":21},"end":{"line":108,"column":27}},"loc":{"start":{"line":108,"column":27},"end":{"line":108,"column":51}},"line":108},"5":{"name":"(anonymous_5)","decl":{"start":{"line":110,"column":14},"end":{"line":110,"column":15}},"loc":{"start":{"line":110,"column":30},"end":{"line":120,"column":null}},"line":110},"6":{"name":"(anonymous_6)","decl":{"start":{"line":121,"column":15},"end":{"line":121,"column":20}},"loc":{"start":{"line":121,"column":20},"end":{"line":125,"column":null}},"line":121},"7":{"name":"(anonymous_7)","decl":{"start":{"line":129,"column":12},"end":{"line":129,"column":29}},"loc":{"start":{"line":129,"column":53},"end":{"line":131,"column":null}},"line":129},"8":{"name":"(anonymous_8)","decl":{"start":{"line":133,"column":12},"end":{"line":133,"column":30}},"loc":{"start":{"line":133,"column":54},"end":{"line":135,"column":null}},"line":133},"9":{"name":"(anonymous_9)","decl":{"start":{"line":137,"column":12},"end":{"line":137,"column":29}},"loc":{"start":{"line":137,"column":53},"end":{"line":139,"column":null}},"line":137},"10":{"name":"(anonymous_10)","decl":{"start":{"line":141,"column":12},"end":{"line":141,"column":26}},"loc":{"start":{"line":141,"column":44},"end":{"line":143,"column":null}},"line":141},"11":{"name":"(anonymous_11)","decl":{"start":{"line":145,"column":12},"end":{"line":145,"column":23}},"loc":{"start":{"line":145,"column":35},"end":{"line":151,"column":null}},"line":145},"12":{"name":"(anonymous_12)","decl":{"start":{"line":153,"column":12},"end":{"line":153,"column":23}},"loc":{"start":{"line":153,"column":35},"end":{"line":155,"column":null}},"line":153},"13":{"name":"(anonymous_13)","decl":{"start":{"line":157,"column":12},"end":{"line":157,"column":24}},"loc":{"start":{"line":157,"column":49},"end":{"line":167,"column":null}},"line":157},"14":{"name":"(anonymous_14)","decl":{"start":{"line":169,"column":10},"end":{"line":169,"column":39}},"loc":{"start":{"line":169,"column":39},"end":{"line":191,"column":null}},"line":169},"15":{"name":"(anonymous_15)","decl":{"start":{"line":178,"column":21},"end":{"line":178,"column":27}},"loc":{"start":{"line":178,"column":27},"end":{"line":178,"column":52}},"line":178},"16":{"name":"(anonymous_16)","decl":{"start":{"line":180,"column":14},"end":{"line":180,"column":15}},"loc":{"start":{"line":180,"column":56},"end":{"line":184,"column":null}},"line":180},"17":{"name":"(anonymous_17)","decl":{"start":{"line":185,"column":15},"end":{"line":185,"column":20}},"loc":{"start":{"line":185,"column":20},"end":{"line":189,"column":null}},"line":185},"18":{"name":"(anonymous_18)","decl":{"start":{"line":193,"column":10},"end":{"line":193,"column":26}},"loc":{"start":{"line":193,"column":26},"end":{"line":206,"column":null}},"line":193},"19":{"name":"(anonymous_19)","decl":{"start":{"line":199,"column":21},"end":{"line":199,"column":27}},"loc":{"start":{"line":199,"column":27},"end":{"line":199,"column":52}},"line":199},"20":{"name":"(anonymous_20)","decl":{"start":{"line":201,"column":14},"end":{"line":201,"column":15}},"loc":{"start":{"line":201,"column":32},"end":{"line":201,"column":null}},"line":201},"21":{"name":"(anonymous_21)","decl":{"start":{"line":202,"column":15},"end":{"line":202,"column":20}},"loc":{"start":{"line":202,"column":20},"end":{"line":204,"column":null}},"line":202},"22":{"name":"(anonymous_22)","decl":{"start":{"line":208,"column":10},"end":{"line":208,"column":22}},"loc":{"start":{"line":208,"column":22},"end":{"line":216,"column":null}},"line":208},"23":{"name":"(anonymous_23)","decl":{"start":{"line":218,"column":10},"end":{"line":218,"column":34}},"loc":{"start":{"line":218,"column":72},"end":{"line":249,"column":null}},"line":218},"24":{"name":"(anonymous_24)","decl":{"start":{"line":225,"column":21},"end":{"line":225,"column":27}},"loc":{"start":{"line":225,"column":27},"end":{"line":225,"column":56}},"line":225},"25":{"name":"(anonymous_25)","decl":{"start":{"line":227,"column":14},"end":{"line":227,"column":15}},"loc":{"start":{"line":227,"column":30},"end":{"line":240,"column":null}},"line":227},"26":{"name":"(anonymous_26)","decl":{"start":{"line":230,"column":38},"end":{"line":230,"column":39}},"loc":{"start":{"line":230,"column":49},"end":{"line":230,"column":97}},"line":230},"27":{"name":"(anonymous_27)","decl":{"start":{"line":241,"column":15},"end":{"line":241,"column":20}},"loc":{"start":{"line":241,"column":20},"end":{"line":247,"column":null}},"line":241},"28":{"name":"(anonymous_28)","decl":{"start":{"line":251,"column":10},"end":{"line":251,"column":27}},"loc":{"start":{"line":251,"column":54},"end":{"line":257,"column":null}},"line":251},"29":{"name":"(anonymous_29)","decl":{"start":{"line":252,"column":34},"end":{"line":252,"column":35}},"loc":{"start":{"line":252,"column":50},"end":{"line":256,"column":5}},"line":252},"30":{"name":"(anonymous_30)","decl":{"start":{"line":259,"column":10},"end":{"line":259,"column":24}},"loc":{"start":{"line":259,"column":45},"end":{"line":263,"column":null}},"line":259},"31":{"name":"(anonymous_31)","decl":{"start":{"line":260,"column":31},"end":{"line":260,"column":32}},"loc":{"start":{"line":261,"column":6},"end":{"line":261,"column":102}},"line":261},"32":{"name":"(anonymous_32)","decl":{"start":{"line":265,"column":10},"end":{"line":265,"column":23}},"loc":{"start":{"line":265,"column":50},"end":{"line":267,"column":null}},"line":265},"33":{"name":"(anonymous_33)","decl":{"start":{"line":266,"column":30},"end":{"line":266,"column":31}},"loc":{"start":{"line":266,"column":47},"end":{"line":266,"column":88}},"line":266},"34":{"name":"(anonymous_34)","decl":{"start":{"line":43,"column":29},"end":{"line":43,"column":null}},"loc":{"start":{"line":43,"column":29},"end":{"line":166,"column":null}},"line":43}},"branchMap":{"0":{"loc":{"start":{"line":48,"column":54},"end":{"line":48,"column":null}},"type":"cond-expr","locations":[{"start":{"line":48,"column":54},"end":{"line":48,"column":null}}],"line":48},"1":{"loc":{"start":{"line":49,"column":60},"end":{"line":49,"column":null}},"type":"cond-expr","locations":[{"start":{"line":49,"column":60},"end":{"line":49,"column":null}}],"line":49},"2":{"loc":{"start":{"line":50,"column":60},"end":{"line":50,"column":null}},"type":"cond-expr","locations":[{"start":{"line":50,"column":60},"end":{"line":50,"column":null}}],"line":50},"3":{"loc":{"start":{"line":51,"column":44},"end":{"line":51,"column":null}},"type":"cond-expr","locations":[{"start":{"line":51,"column":44},"end":{"line":51,"column":null}}],"line":51},"4":{"loc":{"start":{"line":52,"column":44},"end":{"line":52,"column":null}},"type":"cond-expr","locations":[{"start":{"line":52,"column":44},"end":{"line":52,"column":null}}],"line":52},"5":{"loc":{"start":{"line":53,"column":64},"end":{"line":53,"column":null}},"type":"cond-expr","locations":[{"start":{"line":53,"column":64},"end":{"line":53,"column":null}}],"line":53},"6":{"loc":{"start":{"line":54,"column":45},"end":{"line":54,"column":null}},"type":"cond-expr","locations":[{"start":{"line":54,"column":45},"end":{"line":54,"column":null}}],"line":54},"7":{"loc":{"start":{"line":89,"column":4},"end":{"line":92,"column":null}},"type":"if","locations":[{"start":{"line":89,"column":4},"end":{"line":92,"column":null}},{"start":{},"end":{}}],"line":89},"8":{"loc":{"start":{"line":103,"column":13},"end":{"line":103,"column":null}},"type":"binary-expr","locations":[{"start":{"line":103,"column":13},"end":{"line":103,"column":37}},{"start":{"line":103,"column":37},"end":{"line":103,"column":null}}],"line":103},"9":{"loc":{"start":{"line":138,"column":11},"end":{"line":138,"column":null}},"type":"binary-expr","locations":[{"start":{"line":138,"column":11},"end":{"line":138,"column":49}},{"start":{"line":138,"column":49},"end":{"line":138,"column":null}}],"line":138},"10":{"loc":{"start":{"line":158,"column":4},"end":{"line":160,"column":null}},"type":"if","locations":[{"start":{"line":158,"column":4},"end":{"line":160,"column":null}},{"start":{},"end":{}}],"line":158},"11":{"loc":{"start":{"line":162,"column":4},"end":{"line":164,"column":null}},"type":"if","locations":[{"start":{"line":162,"column":4},"end":{"line":164,"column":null}},{"start":{},"end":{}}],"line":162},"12":{"loc":{"start":{"line":212,"column":12},"end":{"line":212,"column":null}},"type":"binary-expr","locations":[{"start":{"line":212,"column":12},"end":{"line":212,"column":31}},{"start":{"line":212,"column":31},"end":{"line":212,"column":null}}],"line":212},"13":{"loc":{"start":{"line":213,"column":15},"end":{"line":213,"column":null}},"type":"binary-expr","locations":[{"start":{"line":213,"column":15},"end":{"line":213,"column":63}},{"start":{"line":213,"column":63},"end":{"line":213,"column":null}}],"line":213},"14":{"loc":{"start":{"line":214,"column":18},"end":{"line":214,"column":null}},"type":"cond-expr","locations":[{"start":{"line":214,"column":42},"end":{"line":214,"column":74}},{"start":{"line":214,"column":74},"end":{"line":214,"column":null}}],"line":214},"15":{"loc":{"start":{"line":222,"column":21},"end":{"line":222,"column":null}},"type":"cond-expr","locations":[{"start":{"line":222,"column":42},"end":{"line":222,"column":74}},{"start":{"line":222,"column":74},"end":{"line":222,"column":null}}],"line":222},"16":{"loc":{"start":{"line":230,"column":49},"end":{"line":230,"column":97}},"type":"cond-expr","locations":[{"start":{"line":230,"column":78},"end":{"line":230,"column":92}},{"start":{"line":230,"column":92},"end":{"line":230,"column":97}}],"line":230},"17":{"loc":{"start":{"line":234,"column":12},"end":{"line":236,"column":null}},"type":"cond-expr","locations":[{"start":{"line":235,"column":16},"end":{"line":235,"column":null}},{"start":{"line":236,"column":16},"end":{"line":236,"column":null}}],"line":234},"18":{"loc":{"start":{"line":243,"column":12},"end":{"line":245,"column":54}},"type":"cond-expr","locations":[{"start":{"line":244,"column":16},"end":{"line":244,"column":null}},{"start":{"line":245,"column":16},"end":{"line":245,"column":54}}],"line":243},"19":{"loc":{"start":{"line":43,"column":13},"end":{"line":43,"column":29}},"type":"binary-expr","locations":[{"start":{"line":43,"column":13},"end":{"line":43,"column":29}},{"start":{"line":43,"column":13},"end":{"line":43,"column":29}}],"line":43},"20":{"loc":{"start":{"line":43,"column":29},"end":{"line":212,"column":null}},"type":"if","locations":[{"start":{"line":43,"column":29},"end":{"line":212,"column":null}},{"start":{},"end":{}}],"line":43},"21":{"loc":{"start":{"line":43,"column":13},"end":{"line":39,"column":null}},"type":"binary-expr","locations":[{"start":{"line":43,"column":13},"end":{"line":43,"column":29}},{"start":{"line":43,"column":13},"end":{"line":43,"column":29}},{"start":{"line":43,"column":13},"end":{"line":39,"column":null}}],"line":43},"22":{"loc":{"start":{"line":43,"column":13},"end":{"line":43,"column":null}},"type":"binary-expr","locations":[{"start":{"line":43,"column":13},"end":{"line":43,"column":29}},{"start":{"line":43,"column":13},"end":{"line":43,"column":29}},{"start":{"line":43,"column":13},"end":{"line":43,"column":null}}],"line":43}},"s":{"0":1,"1":2,"2":2,"3":2,"4":2,"5":2,"6":2,"7":2,"8":2,"9":2,"10":2,"11":2,"12":2,"13":2,"14":1,"15":2,"16":0,"17":0,"18":0,"19":0,"20":0,"21":0,"22":0,"23":0,"24":0,"25":0,"26":0,"27":0,"28":0,"29":0,"30":0,"31":0,"32":0,"33":0,"34":8,"35":12,"36":4,"37":4,"38":19,"39":5,"40":14,"41":5,"42":9,"43":2,"44":2,"45":2,"46":2,"47":2,"48":2,"49":2,"50":0,"51":0,"52":0,"53":0,"54":0,"55":0,"56":0,"57":0,"58":0,"59":0,"60":0,"61":0,"62":0,"63":0,"64":0,"65":0,"66":0,"67":0,"68":2,"69":0,"70":0,"71":0,"72":2,"73":0,"74":2,"75":0,"76":1,"77":6,"78":1},"f":{"0":2,"1":0,"2":0,"3":0,"4":0,"5":0,"6":0,"7":0,"8":0,"9":8,"10":12,"11":4,"12":4,"13":19,"14":2,"15":2,"16":2,"17":0,"18":0,"19":0,"20":0,"21":0,"22":0,"23":0,"24":0,"25":0,"26":0,"27":0,"28":2,"29":0,"30":2,"31":0,"32":2,"33":0,"34":1},"b":{"0":[2],"1":[2],"2":[2],"3":[2],"4":[2],"5":[2],"6":[2],"7":[0,0],"8":[0,0],"9":[8,8],"10":[5,14],"11":[5,9],"12":[0,0],"13":[0,0],"14":[0,0],"15":[0,0],"16":[0,0],"17":[0,0],"18":[0,0],"19":[2,2],"20":[2,4],"21":[1,1,1],"22":[1,1,1]},"meta":{"lastBranch":23,"lastFunction":35,"lastStatement":79,"seen":{"s:43:6:38:Infinity":0,"s:44:19:44:Infinity":1,"s:45:19:45:Infinity":2,"s:46:19:46:Infinity":3,"s:48:21:48:Infinity":4,"s:49:21:49:Infinity":5,"s:50:21:50:Infinity":6,"s:51:21:51:Infinity":7,"s:52:21:52:Infinity":8,"s:53:21:53:Infinity":9,"s:54:21:54:Infinity":10,"s:55:58:55:Infinity":11,"s:57:34:61:Infinity":12,"s:63:39:69:Infinity":13,"s:43:13:38:Infinity":14,"b:48:54:48:Infinity":0,"b:49:60:49:Infinity":1,"b:50:60:50:Infinity":2,"b:51:44:51:Infinity":3,"b:52:44:52:Infinity":4,"b:53:64:53:Infinity":5,"b:54:45:54:Infinity":6,"f:71:2:71:10":0,"s:72:4:72:Infinity":15,"f:75:12:75:24":1,"s:76:4:76:Infinity":16,"f:79:12:79:24":2,"s:80:4:84:Infinity":17,"s:85:4:85:Infinity":18,"f:88:12:88:29":3,"b:89:4:92:Infinity:undefined:undefined:undefined:undefined":7,"s:89:4:92:Infinity":19,"s:90:6:90:Infinity":20,"s:91:6:91:Infinity":21,"s:94:4:94:Infinity":22,"s:95:4:95:Infinity":23,"s:97:20:97:Infinity":24,"s:98:40:103:Infinity":25,"b:103:13:103:37:103:37:103:Infinity":8,"s:106:4:126:Infinity":26,"f:108:21:108:27":4,"s:108:27:108:51":27,"f:110:14:110:15":5,"s:111:10:111:Infinity":28,"s:112:10:118:Infinity":29,"s:119:10:119:Infinity":30,"f:121:15:121:20":6,"s:122:10:123:Infinity":31,"f:129:12:129:29":7,"s:130:4:130:Infinity":32,"f:133:12:133:30":8,"s:134:4:134:Infinity":33,"f:137:12:137:29":9,"s:138:4:138:Infinity":34,"b:138:11:138:49:138:49:138:Infinity":9,"f:141:12:141:26":10,"s:142:4:142:Infinity":35,"f:145:12:145:23":11,"s:146:4:150:Infinity":36,"f:153:12:153:23":12,"s:154:4:154:Infinity":37,"f:157:12:157:24":13,"b:158:4:160:Infinity:undefined:undefined:undefined:undefined":10,"s:158:4:160:Infinity":38,"s:159:6:159:Infinity":39,"b:162:4:164:Infinity:undefined:undefined:undefined:undefined":11,"s:162:4:164:Infinity":40,"s:163:6:163:Infinity":41,"s:166:4:166:Infinity":42,"f:169:10:169:39":14,"s:170:4:170:Infinity":43,"s:171:4:171:Infinity":44,"s:173:4:190:Infinity":45,"f:178:21:178:27":15,"s:178:27:178:52":46,"f:180:14:180:15":16,"s:181:10:181:Infinity":47,"s:182:10:182:Infinity":48,"s:183:10:183:Infinity":49,"f:185:15:185:20":17,"s:186:10:187:Infinity":50,"f:193:10:193:26":18,"s:194:4:194:Infinity":51,"s:195:4:195:Infinity":52,"s:197:4:205:Infinity":53,"f:199:21:199:27":19,"s:199:27:199:52":54,"f:201:14:201:15":20,"s:201:32:201:Infinity":55,"f:202:15:202:20":21,"s:203:10:203:Infinity":56,"f:208:10:208:22":22,"s:209:23:209:Infinity":57,"s:211:4:214:Infinity":58,"b:212:12:212:31:212:31:212:Infinity":12,"b:213:15:213:63:213:63:213:Infinity":13,"b:214:42:214:74:214:74:214:Infinity":14,"f:218:10:218:34":23,"s:219:4:219:Infinity":59,"s:220:4:220:Infinity":60,"s:222:21:222:Infinity":61,"b:222:42:222:74:222:74:222:Infinity":15,"s:224:4:248:Infinity":62,"f:225:21:225:27":24,"s:225:27:225:56":63,"f:227:14:227:15":25,"s:228:10:231:Infinity":64,"f:230:38:230:39":26,"s:230:49:230:97":65,"b:230:78:230:92:230:92:230:97":16,"s:233:10:238:Infinity":66,"b:235:16:235:Infinity:236:16:236:Infinity":17,"f:241:15:241:20":27,"s:242:10:245:Infinity":67,"b:244:16:244:Infinity:245:16:245:54":18,"f:251:10:251:27":28,"s:252:4:256:Infinity":68,"f:252:34:252:35":29,"s:253:22:253:Infinity":69,"s:254:23:254:Infinity":70,"s:255:6:255:Infinity":71,"f:259:10:259:24":30,"s:260:4:261:Infinity":72,"f:260:31:260:32":31,"s:261:6:261:102":73,"f:265:10:265:23":32,"s:266:4:266:Infinity":74,"f:266:30:266:31":33,"s:266:47:266:88":75,"s:43:13:43:Infinity":76,"b:43:13:43:29:43:13:43:29":19,"f:43:29:43:Infinity":34,"b:43:29:212:Infinity:undefined:undefined:undefined:undefined":20,"s:43:29:212:Infinity":77,"s:43:13:39:Infinity":78,"b:43:13:43:29:43:13:43:29:43:13:39:Infinity":21,"b:43:13:43:29:43:13:43:29:43:13:43:Infinity":22}}}
,"/Users/orhan/Documents/iscod/etude-cas-3/shopwise/frontend/src/app/features/client-portal/client-portal-page/client-portal-page.html": {"path":"/Users/orhan/Documents/iscod/etude-cas-3/shopwise/frontend/src/app/features/client-portal/client-portal-page/client-portal-page.html","statementMap":{"0":{"start":{"line":18,"column":2},"end":{"line":18,"column":null}},"1":{"start":{"line":22,"column":2},"end":{"line":22,"column":28}},"2":{"start":{"line":22,"column":28},"end":{"line":22,"column":48}},"3":{"start":{"line":22,"column":48},"end":{"line":22,"column":null}},"4":{"start":{"line":39,"column":10},"end":{"line":39,"column":21}},"5":{"start":{"line":39,"column":21},"end":{"line":39,"column":48}},"6":{"start":{"line":39,"column":48},"end":{"line":39,"column":null}},"7":{"start":{"line":50,"column":10},"end":{"line":50,"column":51}},"8":{"start":{"line":50,"column":51},"end":{"line":50,"column":null}},"9":{"start":{"line":50,"column":51},"end":{"line":50,"column":60}},"10":{"start":{"line":51,"column":12},"end":{"line":51,"column":22}},"11":{"start":{"line":51,"column":22},"end":{"line":51,"column":28}},"12":{"start":{"line":51,"column":28},"end":{"line":51,"column":null}},"13":{"start":{"line":52,"column":12},"end":{"line":52,"column":18}},"14":{"start":{"line":52,"column":18},"end":{"line":52,"column":31}},"15":{"start":{"line":52,"column":31},"end":{"line":52,"column":null}},"16":{"start":{"line":87,"column":12},"end":{"line":88,"column":null}},"17":{"start":{"line":89,"column":20},"end":{"line":89,"column":55}},"18":{"start":{"line":89,"column":55},"end":{"line":89,"column":null}},"19":{"start":{"line":90,"column":16},"end":{"line":90,"column":19}},"20":{"start":{"line":90,"column":19},"end":{"line":90,"column":43}},"21":{"start":{"line":90,"column":43},"end":{"line":90,"column":null}},"22":{"start":{"line":91,"column":16},"end":{"line":91,"column":19}},"23":{"start":{"line":91,"column":19},"end":{"line":91,"column":62}},"24":{"start":{"line":91,"column":62},"end":{"line":91,"column":null}},"25":{"start":{"line":94,"column":14},"end":{"line":94,"column":null}},"26":{"start":{"line":95,"column":22},"end":{"line":95,"column":28}},"27":{"start":{"line":95,"column":28},"end":{"line":95,"column":null}},"28":{"start":{"line":96,"column":16},"end":{"line":96,"column":24}},"29":{"start":{"line":96,"column":24},"end":{"line":96,"column":48}},"30":{"start":{"line":96,"column":48},"end":{"line":97,"column":null}},"31":{"start":{"line":100,"column":12},"end":{"line":100,"column":35}},"32":{"start":{"line":100,"column":35},"end":{"line":100,"column":80}},"33":{"start":{"line":100,"column":80},"end":{"line":100,"column":null}},"34":{"start":{"line":60,"column":4},"end":{"line":63,"column":null}},"35":{"start":{"line":64,"column":31},"end":{"line":64,"column":43}},"36":{"start":{"line":64,"column":43},"end":{"line":64,"column":null}},"37":{"start":{"line":65,"column":12},"end":{"line":65,"column":16}},"38":{"start":{"line":65,"column":16},"end":{"line":65,"column":52}},"39":{"start":{"line":65,"column":52},"end":{"line":65,"column":null}},"40":{"start":{"line":66,"column":12},"end":{"line":66,"column":15}},"41":{"start":{"line":66,"column":15},"end":{"line":66,"column":43}},"42":{"start":{"line":66,"column":43},"end":{"line":66,"column":null}},"43":{"start":{"line":67,"column":12},"end":{"line":67,"column":15}},"44":{"start":{"line":67,"column":15},"end":{"line":67,"column":72}},"45":{"start":{"line":67,"column":72},"end":{"line":67,"column":null}},"46":{"start":{"line":70,"column":10},"end":{"line":70,"column":null}},"47":{"start":{"line":71,"column":18},"end":{"line":71,"column":33}},"48":{"start":{"line":71,"column":33},"end":{"line":71,"column":null}},"49":{"start":{"line":72,"column":12},"end":{"line":72,"column":20}},"50":{"start":{"line":72,"column":20},"end":{"line":72,"column":41}},"51":{"start":{"line":72,"column":41},"end":{"line":74,"column":null}},"52":{"start":{"line":77,"column":6},"end":{"line":79,"column":null}},"53":{"start":{"line":80,"column":16},"end":{"line":80,"column":38}},"54":{"start":{"line":80,"column":38},"end":{"line":80,"column":null}},"55":{"start":{"line":81,"column":12},"end":{"line":81,"column":15}},"56":{"start":{"line":81,"column":15},"end":{"line":81,"column":88}},"57":{"start":{"line":81,"column":88},"end":{"line":82,"column":null}},"58":{"start":{"line":85,"column":8},"end":{"line":85,"column":null}},"59":{"start":{"line":86,"column":10},"end":{"line":86,"column":null}},"60":{"start":{"line":102,"column":8},"end":{"line":103,"column":null}},"61":{"start":{"line":1,"column":0},"end":{"line":2,"column":null}},"62":{"start":{"line":3,"column":23},"end":{"line":3,"column":37}},"63":{"start":{"line":3,"column":37},"end":{"line":3,"column":null}},"64":{"start":{"line":4,"column":4},"end":{"line":4,"column":8}},"65":{"start":{"line":4,"column":8},"end":{"line":4,"column":25}},"66":{"start":{"line":4,"column":25},"end":{"line":4,"column":null}},"67":{"start":{"line":5,"column":4},"end":{"line":5,"column":null}},"68":{"start":{"line":6,"column":6},"end":{"line":6,"column":null}},"69":{"start":{"line":8,"column":4},"end":{"line":8,"column":null}},"70":{"start":{"line":11,"column":2},"end":{"line":11,"column":null}},"71":{"start":{"line":12,"column":14},"end":{"line":12,"column":18}},"72":{"start":{"line":12,"column":18},"end":{"line":12,"column":null}},"73":{"start":{"line":13,"column":4},"end":{"line":13,"column":7}},"74":{"start":{"line":13,"column":7},"end":{"line":13,"column":69}},"75":{"start":{"line":13,"column":69},"end":{"line":14,"column":null}},"76":{"start":{"line":17,"column":0},"end":{"line":17,"column":null}},"77":{"start":{"line":21,"column":0},"end":{"line":21,"column":null}},"78":{"start":{"line":25,"column":0},"end":{"line":28,"column":null}},"79":{"start":{"line":29,"column":12},"end":{"line":29,"column":24}},"80":{"start":{"line":29,"column":24},"end":{"line":29,"column":null}},"81":{"start":{"line":30,"column":8},"end":{"line":30,"column":11}},"82":{"start":{"line":30,"column":11},"end":{"line":30,"column":66}},"83":{"start":{"line":30,"column":66},"end":{"line":31,"column":null}},"84":{"start":{"line":34,"column":4},"end":{"line":34,"column":29}},"85":{"start":{"line":34,"column":53},"end":{"line":34,"column":null}},"86":{"start":{"line":34,"column":53},"end":{"line":34,"column":72}},"87":{"start":{"line":35,"column":6},"end":{"line":35,"column":null}},"88":{"start":{"line":36,"column":19},"end":{"line":36,"column":24}},"89":{"start":{"line":36,"column":24},"end":{"line":36,"column":null}},"90":{"start":{"line":37,"column":8},"end":{"line":37,"column":null}},"91":{"start":{"line":38,"column":8},"end":{"line":38,"column":null}},"92":{"start":{"line":41,"column":6},"end":{"line":41,"column":null}},"93":{"start":{"line":43,"column":6},"end":{"line":44,"column":null}},"94":{"start":{"line":45,"column":20},"end":{"line":45,"column":25}},"95":{"start":{"line":45,"column":25},"end":{"line":45,"column":null}},"96":{"start":{"line":46,"column":10},"end":{"line":46,"column":16}},"97":{"start":{"line":46,"column":16},"end":{"line":46,"column":34}},"98":{"start":{"line":46,"column":34},"end":{"line":46,"column":null}},"99":{"start":{"line":49,"column":8},"end":{"line":49,"column":null}},"100":{"start":{"line":55,"column":6},"end":{"line":56,"column":null}},"101":{"start":{"line":59,"column":2},"end":{"line":59,"column":null}},"102":{"start":{"line":106,"column":0},"end":{"line":106,"column":null}},"103":{"start":{"line":34,"column":29},"end":{"line":34,"column":53}},"104":{"start":{"line":44,"column":46},"end":{"line":44,"column":71}}},"fnMap":{"0":{"name":"ClientPortalPage_Conditional_35_Template_button_click_0_listener","decl":{"start":{"line":50,"column":51},"end":{"line":50,"column":60}},"loc":{"start":{"line":50,"column":51},"end":{"line":50,"column":null}},"line":50},"1":{"name":"ClientPortalPage_Template_form_ngSubmit_23_listener","decl":{"start":{"line":34,"column":53},"end":{"line":34,"column":65}},"loc":{"start":{"line":34,"column":53},"end":{"line":34,"column":null}},"line":34}},"branchMap":{"0":{"loc":{"start":{"line":67,"column":15},"end":{"line":67,"column":72}},"type":"binary-expr","locations":[{"start":{"line":67,"column":15},"end":{"line":67,"column":72}},{"start":{"line":67,"column":15},"end":{"line":67,"column":72}}],"line":67},"1":{"loc":{"start":{"line":17,"column":0},"end":{"line":17,"column":null}},"type":"cond-expr","locations":[{"start":{"line":17,"column":0},"end":{"line":17,"column":null}},{"start":{"line":17,"column":0},"end":{"line":17,"column":null}}],"line":17},"2":{"loc":{"start":{"line":21,"column":0},"end":{"line":21,"column":null}},"type":"cond-expr","locations":[{"start":{"line":21,"column":0},"end":{"line":21,"column":null}},{"start":{"line":21,"column":0},"end":{"line":21,"column":null}}],"line":21},"3":{"loc":{"start":{"line":38,"column":8},"end":{"line":38,"column":null}},"type":"cond-expr","locations":[{"start":{"line":38,"column":8},"end":{"line":38,"column":null}},{"start":{"line":38,"column":8},"end":{"line":38,"column":null}}],"line":38},"4":{"loc":{"start":{"line":49,"column":8},"end":{"line":49,"column":null}},"type":"cond-expr","locations":[{"start":{"line":49,"column":8},"end":{"line":49,"column":null}},{"start":{"line":49,"column":8},"end":{"line":49,"column":null}}],"line":49},"5":{"loc":{"start":{"line":59,"column":2},"end":{"line":59,"column":null}},"type":"cond-expr","locations":[{"start":{"line":59,"column":2},"end":{"line":59,"column":null}},{"start":{"line":59,"column":2},"end":{"line":59,"column":null}}],"line":59}},"s":{"0":0,"1":0,"2":0,"3":0,"4":0,"5":0,"6":0,"7":1,"8":0,"9":0,"10":1,"11":1,"12":1,"13":1,"14":1,"15":1,"16":1,"17":2,"18":1,"19":1,"20":2,"21":1,"22":1,"23":2,"24":1,"25":1,"26":1,"27":1,"28":1,"29":2,"30":1,"31":0,"32":0,"33":0,"34":1,"35":1,"36":1,"37":1,"38":2,"39":1,"40":1,"41":2,"42":1,"43":1,"44":2,"45":1,"46":1,"47":1,"48":1,"49":1,"50":2,"51":1,"52":1,"53":1,"54":1,"55":1,"56":1,"57":1,"58":1,"59":2,"60":1,"61":1,"62":1,"63":1,"64":1,"65":1,"66":1,"67":1,"68":1,"69":1,"70":1,"71":1,"72":1,"73":1,"74":1,"75":1,"76":2,"77":2,"78":1,"79":1,"80":1,"81":1,"82":1,"83":1,"84":1,"85":1,"86":0,"87":1,"88":1,"89":1,"90":1,"91":2,"92":1,"93":1,"94":1,"95":1,"96":1,"97":1,"98":1,"99":2,"100":1,"101":2,"102":1,"103":2,"104":2},"f":{"0":0,"1":0},"b":{"0":[2,0],"1":[0,2],"2":[0,2],"3":[2,2],"4":[2,0],"5":[2,0]},"meta":{"lastBranch":6,"lastFunction":2,"lastStatement":105,"seen":{"s:18:2:18:Infinity":0,"s:22:2:22:28":1,"s:22:28:22:48":2,"s:22:48:22:Infinity":3,"s:39:10:39:21":4,"s:39:21:39:48":5,"s:39:48:39:Infinity":6,"s:50:10:50:51":7,"s:50:51:50:Infinity":8,"f:50:51:50:60":0,"s:50:51:50:60":9,"s:51:12:51:22":10,"s:51:22:51:28":11,"s:51:28:51:Infinity":12,"s:52:12:52:18":13,"s:52:18:52:31":14,"s:52:31:52:Infinity":15,"s:87:12:88:Infinity":16,"s:89:20:89:55":17,"s:89:55:89:Infinity":18,"s:90:16:90:19":19,"s:90:19:90:43":20,"s:90:43:90:Infinity":21,"s:91:16:91:19":22,"s:91:19:91:62":23,"s:91:62:91:Infinity":24,"s:94:14:94:Infinity":25,"s:95:22:95:28":26,"s:95:28:95:Infinity":27,"s:96:16:96:24":28,"s:96:24:96:48":29,"s:96:48:97:Infinity":30,"s:100:12:100:35":31,"s:100:35:100:80":32,"s:100:80:100:Infinity":33,"s:60:4:63:Infinity":34,"s:64:31:64:43":35,"s:64:43:64:Infinity":36,"s:65:12:65:16":37,"s:65:16:65:52":38,"s:65:52:65:Infinity":39,"s:66:12:66:15":40,"s:66:15:66:43":41,"s:66:43:66:Infinity":42,"s:67:12:67:15":43,"s:67:15:67:72":44,"s:67:72:67:Infinity":45,"s:70:10:70:Infinity":46,"s:71:18:71:33":47,"s:71:33:71:Infinity":48,"s:72:12:72:20":49,"s:72:20:72:41":50,"s:72:41:74:Infinity":51,"s:77:6:79:Infinity":52,"s:80:16:80:38":53,"s:80:38:80:Infinity":54,"s:81:12:81:15":55,"s:81:15:81:88":56,"s:81:88:82:Infinity":57,"s:85:8:85:Infinity":58,"s:86:10:86:Infinity":59,"s:102:8:103:Infinity":60,"b:67:15:67:72:67:15:67:72":0,"s:1:0:2:Infinity":61,"s:3:23:3:37":62,"s:3:37:3:Infinity":63,"s:4:4:4:8":64,"s:4:8:4:25":65,"s:4:25:4:Infinity":66,"s:5:4:5:Infinity":67,"s:6:6:6:Infinity":68,"s:8:4:8:Infinity":69,"s:11:2:11:Infinity":70,"s:12:14:12:18":71,"s:12:18:12:Infinity":72,"s:13:4:13:7":73,"s:13:7:13:69":74,"s:13:69:14:Infinity":75,"s:17:0:17:Infinity":76,"s:21:0:21:Infinity":77,"s:25:0:28:Infinity":78,"s:29:12:29:24":79,"s:29:24:29:Infinity":80,"s:30:8:30:11":81,"s:30:11:30:66":82,"s:30:66:31:Infinity":83,"s:34:4:34:29":84,"s:34:53:34:Infinity":85,"f:34:53:34:65":1,"s:34:53:34:72":86,"s:35:6:35:Infinity":87,"s:36:19:36:24":88,"s:36:24:36:Infinity":89,"s:37:8:37:Infinity":90,"s:38:8:38:Infinity":91,"s:41:6:41:Infinity":92,"s:43:6:44:Infinity":93,"s:45:20:45:25":94,"s:45:25:45:Infinity":95,"s:46:10:46:16":96,"s:46:16:46:34":97,"s:46:34:46:Infinity":98,"s:49:8:49:Infinity":99,"s:55:6:56:Infinity":100,"s:59:2:59:Infinity":101,"s:106:0:106:Infinity":102,"b:17:0:17:Infinity:17:0:17:Infinity":1,"b:21:0:21:Infinity:21:0:21:Infinity":2,"s:34:29:34:53":103,"b:38:8:38:Infinity:38:8:38:Infinity":3,"s:44:46:44:71":104,"b:49:8:49:Infinity:49:8:49:Infinity":4,"b:59:2:59:Infinity:59:2:59:Infinity":5}}}
,"/Users/orhan/Documents/iscod/etude-cas-3/shopwise/frontend/src/app/features/client-portal/client-portal-page/client-portal-page.ts": {"path":"/Users/orhan/Documents/iscod/etude-cas-3/shopwise/frontend/src/app/features/client-portal/client-portal-page/client-portal-page.ts","statementMap":{"0":{"start":{"line":32,"column":6},"end":{"line":27,"column":null}},"1":{"start":{"line":33,"column":19},"end":{"line":33,"column":null}},"2":{"start":{"line":34,"column":19},"end":{"line":34,"column":null}},"3":{"start":{"line":35,"column":19},"end":{"line":35,"column":null}},"4":{"start":{"line":37,"column":33},"end":{"line":39,"column":null}},"5":{"start":{"line":41,"column":21},"end":{"line":41,"column":null}},"6":{"start":{"line":42,"column":21},"end":{"line":42,"column":null}},"7":{"start":{"line":43,"column":21},"end":{"line":43,"column":null}},"8":{"start":{"line":44,"column":21},"end":{"line":44,"column":null}},"9":{"start":{"line":32,"column":13},"end":{"line":27,"column":null}},"10":{"start":{"line":47,"column":4},"end":{"line":50,"column":null}},"11":{"start":{"line":48,"column":6},"end":{"line":48,"column":null}},"12":{"start":{"line":49,"column":6},"end":{"line":49,"column":null}},"13":{"start":{"line":52,"column":4},"end":{"line":52,"column":null}},"14":{"start":{"line":53,"column":4},"end":{"line":53,"column":null}},"15":{"start":{"line":55,"column":18},"end":{"line":55,"column":null}},"16":{"start":{"line":57,"column":4},"end":{"line":81,"column":null}},"17":{"start":{"line":61,"column":10},"end":{"line":64,"column":null}},"18":{"start":{"line":63,"column":14},"end":{"line":63,"column":null}},"19":{"start":{"line":67,"column":23},"end":{"line":67,"column":48}},"20":{"start":{"line":71,"column":10},"end":{"line":71,"column":null}},"21":{"start":{"line":72,"column":10},"end":{"line":72,"column":null}},"22":{"start":{"line":75,"column":10},"end":{"line":75,"column":null}},"23":{"start":{"line":76,"column":10},"end":{"line":76,"column":null}},"24":{"start":{"line":77,"column":10},"end":{"line":78,"column":null}},"25":{"start":{"line":85,"column":4},"end":{"line":85,"column":null}},"26":{"start":{"line":86,"column":4},"end":{"line":86,"column":null}},"27":{"start":{"line":87,"column":4},"end":{"line":87,"column":null}},"28":{"start":{"line":91,"column":4},"end":{"line":91,"column":null}},"29":{"start":{"line":95,"column":4},"end":{"line":97,"column":null}},"30":{"start":{"line":96,"column":6},"end":{"line":96,"column":null}},"31":{"start":{"line":99,"column":4},"end":{"line":101,"column":null}},"32":{"start":{"line":100,"column":6},"end":{"line":100,"column":null}},"33":{"start":{"line":103,"column":4},"end":{"line":103,"column":null}},"34":{"start":{"line":107,"column":4},"end":{"line":113,"column":null}},"35":{"start":{"line":32,"column":13},"end":{"line":32,"column":null}},"36":{"start":{"line":32,"column":29},"end":{"line":106,"column":null}},"37":{"start":{"line":32,"column":13},"end":{"line":28,"column":null}}},"fnMap":{"0":{"name":"(anonymous_0)","decl":{"start":{"line":46,"column":12},"end":{"line":46,"column":17}},"loc":{"start":{"line":46,"column":17},"end":{"line":82,"column":null}},"line":46},"1":{"name":"(anonymous_1)","decl":{"start":{"line":60,"column":18},"end":{"line":60,"column":19}},"loc":{"start":{"line":61,"column":10},"end":{"line":64,"column":null}},"line":61},"2":{"name":"(anonymous_2)","decl":{"start":{"line":62,"column":21},"end":{"line":62,"column":26}},"loc":{"start":{"line":62,"column":26},"end":{"line":64,"column":13}},"line":62},"3":{"name":"(anonymous_3)","decl":{"start":{"line":67,"column":17},"end":{"line":67,"column":23}},"loc":{"start":{"line":67,"column":23},"end":{"line":67,"column":48}},"line":67},"4":{"name":"(anonymous_4)","decl":{"start":{"line":70,"column":14},"end":{"line":70,"column":15}},"loc":{"start":{"line":70,"column":26},"end":{"line":73,"column":null}},"line":70},"5":{"name":"(anonymous_5)","decl":{"start":{"line":74,"column":15},"end":{"line":74,"column":20}},"loc":{"start":{"line":74,"column":20},"end":{"line":80,"column":null}},"line":74},"6":{"name":"(anonymous_6)","decl":{"start":{"line":84,"column":12},"end":{"line":84,"column":22}},"loc":{"start":{"line":84,"column":22},"end":{"line":88,"column":null}},"line":84},"7":{"name":"(anonymous_7)","decl":{"start":{"line":90,"column":12},"end":{"line":90,"column":25}},"loc":{"start":{"line":90,"column":43},"end":{"line":92,"column":null}},"line":90},"8":{"name":"(anonymous_8)","decl":{"start":{"line":94,"column":12},"end":{"line":94,"column":29}},"loc":{"start":{"line":94,"column":60},"end":{"line":104,"column":null}},"line":94},"9":{"name":"(anonymous_9)","decl":{"start":{"line":106,"column":12},"end":{"line":106,"column":27}},"loc":{"start":{"line":106,"column":40},"end":{"line":114,"column":null}},"line":106},"10":{"name":"(anonymous_10)","decl":{"start":{"line":32,"column":29},"end":{"line":32,"column":null}},"loc":{"start":{"line":32,"column":29},"end":{"line":59,"column":null}},"line":32}},"branchMap":{"0":{"loc":{"start":{"line":41,"column":45},"end":{"line":41,"column":null}},"type":"cond-expr","locations":[{"start":{"line":41,"column":45},"end":{"line":41,"column":null}}],"line":41},"1":{"loc":{"start":{"line":42,"column":45},"end":{"line":42,"column":null}},"type":"cond-expr","locations":[{"start":{"line":42,"column":45},"end":{"line":42,"column":null}}],"line":42},"2":{"loc":{"start":{"line":43,"column":60},"end":{"line":43,"column":null}},"type":"cond-expr","locations":[{"start":{"line":43,"column":60},"end":{"line":43,"column":null}}],"line":43},"3":{"loc":{"start":{"line":44,"column":72},"end":{"line":44,"column":null}},"type":"cond-expr","locations":[{"start":{"line":44,"column":72},"end":{"line":44,"column":null}}],"line":44},"4":{"loc":{"start":{"line":47,"column":4},"end":{"line":50,"column":null}},"type":"if","locations":[{"start":{"line":47,"column":4},"end":{"line":50,"column":null}},{"start":{},"end":{}}],"line":47},"5":{"loc":{"start":{"line":95,"column":4},"end":{"line":97,"column":null}},"type":"if","locations":[{"start":{"line":95,"column":4},"end":{"line":97,"column":null}},{"start":{},"end":{}}]
[...]
lumn":0},"end":{"line":27,"column":null}},"type":"cond-expr","locations":[{"start":{"line":27,"column":0},"end":{"line":27,"column":null}},{"start":{"line":27,"column":0},"end":{"line":27,"column":null}}],"line":27},"3":{"loc":{"start":{"line":35,"column":12},"end":{"line":35,"column":86}},"type":"cond-expr","locations":[{"start":{"line":35,"column":12},"end":{"line":35,"column":86}},{"start":{"line":35,"column":12},"end":{"line":35,"column":86}}],"line":35},"4":{"loc":{"start":{"line":39,"column":6},"end":{"line":39,"column":null}},"type":"cond-expr","locations":[{"start":{"line":39,"column":6},"end":{"line":39,"column":null}},{"start":{"line":39,"column":6},"end":{"line":39,"column":null}}],"line":39},"5":{"loc":{"start":{"line":52,"column":10},"end":{"line":52,"column":null}},"type":"cond-expr","locations":[{"start":{"line":52,"column":10},"end":{"line":52,"column":null}},{"start":{"line":52,"column":10},"end":{"line":52,"column":null}}],"line":52},"6":{"loc":{"start":{"line":60,"column":10},"end":{"line":60,"column":null}},"type":"cond-expr","locations":[{"start":{"line":60,"column":10},"end":{"line":60,"column":null}},{"start":{"line":60,"column":10},"end":{"line":60,"column":null}}],"line":60},"7":{"loc":{"start":{"line":70,"column":10},"end":{"line":70,"column":null}},"type":"cond-expr","locations":[{"start":{"line":70,"column":10},"end":{"line":70,"column":null}},{"start":{"line":70,"column":10},"end":{"line":70,"column":null}}],"line":70},"8":{"loc":{"start":{"line":83,"column":20},"end":{"line":83,"column":70}},"type":"cond-expr","locations":[{"start":{"line":83,"column":20},"end":{"line":83,"column":70}},{"start":{"line":83,"column":20},"end":{"line":83,"column":70}}],"line":83},"9":{"loc":{"start":{"line":84,"column":16},"end":{"line":84,"column":80}},"type":"cond-expr","locations":[{"start":{"line":84,"column":16},"end":{"line":84,"column":80}},{"start":{"line":84,"column":16},"end":{"line":84,"column":80}}],"line":84}},"s":{"0":0,"1":0,"2":0,"3":0,"4":1,"5":0,"6":0,"7":1,"8":1,"9":1,"10":1,"11":1,"12":1,"13":0,"14":0,"15":0,"16":0,"17":0,"18":0,"19":0,"20":0,"21":0,"22":2,"23":6,"24":2,"25":2,"26":6,"27":2,"28":2,"29":6,"30":2,"31":2,"32":2,"33":2,"34":2,"35":6,"36":2,"37":2,"38":0,"39":0,"40":2,"41":2,"42":2,"43":2,"44":2,"45":2,"46":0,"47":0,"48":0,"49":2,"50":2,"51":2,"52":2,"53":2,"54":2,"55":2,"56":2,"57":2,"58":2,"59":2,"60":2,"61":2,"62":6,"63":2,"64":2,"65":2,"66":2,"67":2,"68":2,"69":2,"70":6,"71":6,"72":2,"73":6,"74":2,"75":2,"76":2,"77":2,"78":6,"79":2,"80":2,"81":2,"82":0,"83":2,"84":2,"85":2,"86":2,"87":6,"88":2,"89":2,"90":2,"91":2,"92":2,"93":6,"94":2,"95":2,"96":2,"97":2,"98":2,"99":6,"100":2,"101":2,"102":2,"103":2,"104":2,"105":2,"106":2,"107":6,"108":2,"109":2,"110":6,"111":2,"112":2,"113":2,"114":2,"115":2,"116":2,"117":2,"118":2,"119":6,"120":2,"121":6,"122":6,"123":6},"f":{"0":0,"1":0,"2":0},"b":{"0":[6,0],"1":[0,6],"2":[0,6],"3":[2,4],"4":[2,4],"5":[6,10],"6":[6,10],"7":[6,10],"8":[2,4],"9":[2,4]},"meta":{"lastBranch":10,"lastFunction":3,"lastStatement":124,"seen":{"s:24:2:24:Infinity":0,"s:28:2:28:28":1,"s:28:28:28:48":2,"s:28:48:28:Infinity":3,"s:40:8:40:49":4,"s:40:49:40:Infinity":5,"f:40:49:40:58":0,"s:40:49:40:58":6,"s:41:10:41:20":7,"s:41:20:41:25":8,"s:41:25:41:Infinity":9,"s:42:10:42:16":10,"s:42:16:42:30":11,"s:42:30:42:Infinity":12,"s:53:12:53:23":13,"s:53:23:53:44":14,"s:53:44:53:Infinity":15,"s:61:12:61:23":16,"s:61:23:61:41":17,"s:61:41:61:Infinity":18,"s:71:12:71:23":19,"s:71:23:71:50":20,"s:71:50:71:Infinity":21,"s:100:8:101:Infinity":22,"s:102:16:102:45":23,"s:102:45:102:Infinity":24,"s:103:12:103:15":25,"s:103:15:103:35":26,"s:103:35:103:Infinity":27,"s:104:12:104:15":28,"s:104:15:104:64":29,"s:104:64:104:Infinity":30,"s:107:10:108:Infinity":31,"s:109:20:109:26":32,"s:109:26:109:Infinity":33,"s:110:14:110:22":34,"s:110:22:110:50":35,"s:110:50:110:Infinity":36,"s:113:12:113:53":37,"s:113:53:113:Infinity":38,"f:113:53:113:62":1,"s:113:53:113:62":39,"s:114:14:114:24":40,"s:114:24:114:28":41,"s:114:28:114:Infinity":42,"s:115:14:115:20":43,"s:115:20:115:28":44,"s:115:28:117:Infinity":45,"b:104:15:104:64:104:15:104:64":0,"s:120:8:120:31":46,"s:120:31:120:70":47,"s:120:70:120:Infinity":48,"s:1:0:2:Infinity":49,"s:3:23:3:38":50,"s:3:38:3:Infinity":51,"s:4:4:4:8":52,"s:4:8:4:20":53,"s:4:20:4:Infinity":54,"s:5:4:5:Infinity":55,"s:6:6:6:Infinity":56,"s:8:4:8:Infinity":57,"s:11:2:12:Infinity":58,"s:13:12:13:19":59,"s:13:19:13:Infinity":60,"s:14:6:14:14":61,"s:14:14:14:38":62,"s:14:38:14:Infinity":63,"s:16:4:16:Infinity":64,"s:17:12:17:21":65,"s:17:21:17:Infinity":66,"s:18:6:18:14":67,"s:18:14:18:23":68,"s:18:23:20:Infinity":69,"s:23:0:23:Infinity":70,"s:27:0:27:Infinity":71,"s:31:0:34:Infinity":72,"s:35:12:35:86":73,"s:35:86:35:Infinity":74,"s:36:8:36:11":75,"s:36:11:36:80":76,"s:36:80:36:Infinity":77,"s:39:6:39:Infinity":78,"s:45:4:45:Infinity":79,"s:47:4:47:32":80,"s:47:59:47:Infinity":81,"f:47:59:47:71":2,"s:47:59:47:87":82,"s:48:6:49:Infinity":83,"s:50:21:50:27":84,"s:50:27:50:Infinity":85,"s:51:10:51:Infinity":86,"s:52:10:52:Infinity":87,"s:55:8:55:Infinity":88,"s:57:8:57:Infinity":89,"s:58:21:58:24":90,"s:58:24:58:Infinity":91,"s:59:10:59:Infinity":92,"s:60:10:60:Infinity":93,"s:63:8:63:Infinity":94,"s:66:6:67:Infinity":95,"s:68:21:68:26":96,"s:68:26:68:Infinity":97,"s:69:10:69:Infinity":98,"s:70:10:70:Infinity":99,"s:73:8:73:Infinity":100,"s:75:8:75:Infinity":101,"s:76:21:76:30":102,"s:76:30:76:Infinity":103,"s:77:10:77:Infinity":104,"s:78:8:78:Infinity":105,"s:81:6:82:Infinity":106,"s:83:20:83:70":107,"s:83:70:83:Infinity":108,"s:84:10:84:16":109,"s:84:16:84:80":110,"s:84:80:87:Infinity":111,"s:90:2:92:Infinity":112,"s:93:12:93:31":113,"s:93:31:93:Infinity":114,"s:94:8:94:11":115,"s:94:11:94:86":116,"s:94:86:95:Infinity":117,"s:98:4:98:Infinity":118,"s:99:6:99:17":119,"s:122:4:123:Infinity":120,"b:23:0:23:Infinity:23:0:23:Infinity":1,"b:27:0:27:Infinity:27:0:27:Infinity":2,"b:35:12:35:86:35:12:35:86":3,"b:39:6:39:Infinity:39:6:39:Infinity":4,"s:47:32:47:59":121,"b:52:10:52:Infinity:52:10:52:Infinity":5,"b:60:10:60:Infinity:60:10:60:Infinity":6,"b:70:10:70:Infinity:70:10:70:Infinity":7,"s:82:46:82:70":122,"b:83:20:83:70:83:20:83:70":8,"b:84:16:84:80:84:16:84:80":9,"s:99:6:99:Infinity":123}}}
,"/Users/orhan/Documents/iscod/etude-cas-3/shopwise/frontend/src/app/features/customers/customers-page/customers-page.ts": {"path":"/Users/orhan/Documents/iscod/etude-cas-3/shopwise/frontend/src/app/features/customers/customers-page/customers-page.ts","statementMap":{"0":{"start":{"line":31,"column":6},"end":{"line":26,"column":null}},"1":{"start":{"line":32,"column":19},"end":{"line":32,"column":null}},"2":{"start":{"line":33,"column":19},"end":{"line":33,"column":null}},"3":{"start":{"line":34,"column":19},"end":{"line":34,"column":null}},"4":{"start":{"line":36,"column":21},"end":{"line":36,"column":null}},"5":{"start":{"line":37,"column":21},"end":{"line":37,"column":null}},"6":{"start":{"line":38,"column":21},"end":{"line":38,"column":null}},"7":{"start":{"line":39,"column":21},"end":{"line":39,"column":null}},"8":{"start":{"line":40,"column":21},"end":{"line":40,"column":null}},"9":{"start":{"line":42,"column":36},"end":{"line":47,"column":null}},"10":{"start":{"line":31,"column":13},"end":{"line":26,"column":null}},"11":{"start":{"line":50,"column":4},"end":{"line":50,"column":null}},"12":{"start":{"line":54,"column":4},"end":{"line":57,"column":null}},"13":{"start":{"line":55,"column":6},"end":{"line":55,"column":null}},"14":{"start":{"line":56,"column":6},"end":{"line":56,"column":null}},"15":{"start":{"line":59,"column":4},"end":{"line":59,"column":null}},"16":{"start":{"line":60,"column":4},"end":{"line":60,"column":null}},"17":{"start":{"line":62,"column":20},"end":{"line":62,"column":null}},"18":{"start":{"line":63,"column":23},"end":{"line":63,"column":null}},"19":{"start":{"line":64,"column":21},"end":{"line":66,"column":null}},"20":{"start":{"line":68,"column":4},"end":{"line":85,"column":null}},"21":{"start":{"line":69,"column":27},"end":{"line":69,"column":51}},"22":{"start":{"line":72,"column":10},"end":{"line":72,"column":null}},"23":{"start":{"line":73,"column":10},"end":{"line":76,"column":null}},"24":{"start":{"line":78,"column":10},"end":{"line":78,"column":null}},"25":{"start":{"line":81,"column":10},"end":{"line":82,"column":null}},"26":{"start":{"line":89,"column":4},"end":{"line":89,"column":null}},"27":{"start":{"line":90,"column":4},"end":{"line":90,"column":null}},"28":{"start":{"line":91,"column":4},"end":{"line":96,"column":null}},"29":{"start":{"line":100,"column":4},"end":{"line":100,"column":null}},"30":{"start":{"line":101,"column":4},"end":{"line":106,"column":null}},"31":{"start":{"line":110,"column":4},"end":{"line":110,"column":null}},"32":{"start":{"line":114,"column":4},"end":{"line":114,"column":null}},"33":{"start":{"line":115,"column":4},"end":{"line":115,"column":null}},"34":{"start":{"line":117,"column":4},"end":{"line":127,"column":null}},"35":{"start":{"line":119,"column":27},"end":{"line":119,"column":52}},"36":{"start":{"line":121,"column":29},"end":{"line":121,"column":null}},"37":{"start":{"line":123,"column":10},"end":{"line":124,"column":null}},"38":{"start":{"line":131,"column":21},"end":{"line":131,"column":null}},"39":{"start":{"line":133,"column":4},"end":{"line":137,"column":null}},"40":{"start":{"line":142,"column":22},"end":{"line":142,"column":null}},"41":{"start":{"line":143,"column":26},"end":{"line":143,"column":null}},"42":{"start":{"line":143,"column":56},"end":{"line":143,"column":79}},"43":{"start":{"line":145,"column":4},"end":{"line":149,"column":null}},"44":{"start":{"line":146,"column":6},"end":{"line":146,"column":null}},"45":{"start":{"line":148,"column":6},"end":{"line":148,"column":null}},"46":{"start":{"line":151,"column":4},"end":{"line":151,"column":null}},"47":{"start":{"line":155,"column":4},"end":{"line":156,"column":null}},"48":{"start":{"line":156,"column":6},"end":{"line":156,"column":102}},"49":{"start":{"line":31,"column":13},"end":{"line":31,"column":null}},"50":{"start":{"line":31,"column":26},"end":{"line":123,"column":null}},"51":{"start":{"line":31,"column":13},"end":{"line":27,"column":null}}},"fnMap":{"0":{"name":"(anonymous_0)","decl":{"start":{"line":49,"column":2},"end":{"line":49,"column":10}},"loc":{"start":{"line":49,"column":10},"end":{"line":51,"column":null}},"line":49},"1":{"name":"(anonymous_1)","decl":{"start":{"line":53,"column":12},"end":{"line":53,"column":26}},"loc":{"start":{"line":53,"column":26},"end":{"line":86,"column":null}},"line":53},"2":{"name":"(anonymous_2)","decl":{"start":{"line":69,"column":21},"end":{"line":69,"column":27}},"loc":{"start":{"line":69,"column":27},"end":{"line":69,"column":51}},"line":69},"3":{"name":"(anonymous_3)","decl":{"start":{"line":71,"column":14},"end":{"line":71,"column":15}},"loc":{"start":{"line":71,"column":27},"end":{"line":79,"column":null}},"line":71},"4":{"name":"(anonymous_4)","decl":{"start":{"line":80,"column":15},"end":{"line":80,"column":20}},"loc":{"start":{"line":80,"column":20},"end":{"line":84,"column":null}},"line":80},"5":{"name":"(anonymous_5)","decl":{"start":{"line":88,"column":12},"end":{"line":88,"column":22}},"loc":{"start":{"line":88,"column":40},"end":{"line":97,"column":null}},"line":88},"6":{"name":"(anonymous_6)","decl":{"start":{"line":99,"column":12},"end":{"line":99,"column":21}},"loc":{"start":{"line":99,"column":21},"end":{"line":107,"column":null}},"line":99},"7":{"name":"(anonymous_7)","decl":{"start":{"line":109,"column":12},"end":{"line":109,"column":26}},"loc":{"start":{"line":109,"column":44},"end":{"line":111,"column":null}},"line":109},"8":{"name":"(anonymous_8)","decl":{"start":{"line":113,"column":10},"end":{"line":113,"column":23}},"loc":{"start":{"line":113,"column":23},"end":{"line":128,"column":null}},"line":113},"9":{"name":"(anonymous_9)","decl":{"start":{"line":119,"column":21},"end":{"line":119,"column":27}},"loc":{"start":{"line":119,"column":27},"end":{"line":119,"column":52}},"line":119},"10":{"name":"(anonymous_10)","decl":{"start":{"line":121,"column":14},"end":{"line":121,"column":15}},"loc":{"start":{"line":121,"column":29},"end":{"line":121,"column":null}},"line":121},"11":{"name":"(anonymous_11)","decl":{"start":{"line":122,"column":15},"end":{"line":122,"column":20}},"loc":{"start":{"line":122,"column":20},"end":{"line":126,"column":null}},"line":122},"12":{"name":"(anonymous_12)","decl":{"start":{"line":130,"column":10},"end":{"line":130,"column":22}},"loc":{"start":{"line":130,"column":22},"end":{"line":139,"column":null}},"line":130},"13":{"name":"(anonymous_13)","decl":{"start":{"line":141,"column":10},"end":{"line":141,"column":25}},"loc":{"start":{"line":141,"column":43},"end":{"line":152,"column":null}},"line":141},"14":{"name":"(anonymous_14)","decl":{"start":{"line":143,"column":46},"end":{"line":143,"column":47}},"loc":{"start":{"line":143,"column":56},"end":{"line":143,"column":79}},"line":143},"15":{"name":"(anonymous_15)","decl":{"start":{"line":154,"column":10},"end":{"line":154,"column":24}},"loc":{"start":{"line":154,"column":45},"end":{"line":158,"column":null}},"line":154},"16":{"name":"(anonymous_16)","decl":{"start":{"line":155,"column":31},"end":{"line":155,"column":32}},"loc":{"start":{"line":156,"column":6},"end":{"line":156,"column":102}},"line":156},"17":{"name":"(anonymous_17)","decl":{"start":{"line":31,"column":26},"end":{"line":31,"column":null}},"loc":{"start":{"line":31,"column":26},"end":{"line":99,"column":null}},"line":31}},"branchMap":{"0":{"loc":{"start":{"line":36,"column":54},"end":{"line":36,"column":null}},"type":"cond-expr","locations":[{"start":{"line":36,"column":54},"end":{"line":36,"column":null}}],"line":36},"1":{"loc":{"start":{"line":37,"column":44},"end":{"line":37,"column":null}},"type":"cond-expr","locations":[{"start":{"line":37,"column":44},"end":{"line":37,"column":null}}],"line":37},"2":{"loc":{"start":{"line":38,"column":44},"end":{"line":38,"column":null}},"type":"cond-expr","locations":[{"start":{"line":38,"column":44},"end":{"line":38,"column":null}}],"line":38},"3":{"loc":{"start":{"line":39,"column":68},"end":{"line":39,"column":null}},"type":"cond-expr","locations":[{"start":{"line":39,"column":68},"end":{"line":39,"column":null}}],"line":39},"4":{"loc":{"start":{"line":40,"column":45},"end":{"line":40,"column":null}},"type":"cond-expr","locations":[{"start":{"line":40,"column":45},"end":{"line":40,"column":null}}],"line":40},"5":{"loc":{"start":{"line":54,"column":4},"end":{"line":57,"column":null}},"type":"if","locations":[{"start":{"line":54,"column":4},"end":{"line":57,"column":null}},{"start":{},"end":{}}],"line":54},"6":{"loc":{"start":{"line":64,"column":21},"end":{"line":66,"column":null}},"type":"cond-expr","locations":[{"start":{"line":65,"column":8},"end":{"line":65,"column":null}},{"start":{"line":66,"column":8},"end":{"line":66,"column":null}}],"line":64},"7":{"loc":{"start":{"line":74,"column":12},"end":{"line":74,"column":null}},"type":"cond-expr","locations":[{"start":{"line":74,"column":25},"end":{"line":74,"column":55}},{"start":{"line":74,"column":55},"end":{"line":74,"column":null}}],"line":74},"8":{"loc":{"start":{"line":95,"column":13},"end":{"line":95,"column":null}},"type":"binary-expr","locations":[{"start":{"line":95,"column":13},"end":{"line":95,"column":31}},{"start":{"line":95,"column":31},"end":{"line":95,"column":null}}],"line":95},"9":{"loc":{"start":{"line":137,"column":13},"end":{"line":137,"column":null}},"type":"binary-expr","locations":[{"start":{"line":137,"column":13},"end":{"line":137,"column":38}},{"start":{"line":137,"column":38},"end":{"line":137,"column":null}}],"line":137},"10":{"loc":{"start":{"line":145,"column":4},"end":{"line":149,"column":null}},"type":"if","locations":[{"start":{"line":145,"column":4},"end":{"line":149,"column":null}},{"start":{"line":147,"column":11},"end":{"line":149,"column":null}}],"line":145},"11":{"loc":{"start":{"line":31,"column":13},"end":{"line":31,"column":26}},"type":"binary-expr","locations":[{"start":{"line":31,"column":13},"end":{"line":31,"column":26}},{"start":{"line":31,"column":13},"end":{"line":31,"column":26}}],"line":31},"12":{"loc":{"start":{"line":31,"column":26},"end":{"line":123,"column":null}},"type":"if","locations":[{"start":{"line":31,"column":26},"end":{"line":123,"column":null}},{"start":{},"end":{}}],"line":31},"13":{"loc":{"start":{"line":31,"column":13},"end":{"line":27,"column":null}},"type":"binary-expr","locations":[{"start":{"line":31,"column":13},"end":{"line":31,"column":26}},{"start":{"line":31,"column":13},"end":{"line":31,"column":26}},{"start":{"line":31,"column":13},"end":{"line":27,"column":null}}],"line":31},"14":{"loc":{"start":{"line":31,"column":13},"end":{"line":31,"column":null}},"type":"binary-expr","locations":[{"start":{"line":31,"column":13},"end":{"line":31,"column":26}},{"start":{"line":31,"column":13},"end":{"line":31,"column":26}},{"start":{"line":31,"column":13},"end":{"line":31,"column":null}}],"line":31}},"s":{"0":1,"1":2,"2":2,"3":2,"4":2,"5":2,"6":2,"7":2,"8":2,"9":2,"10":1,"11":2,"12":0,"13":0,"14":0,"15":0,"16":0,"17":0,"18":0,"19":0,"20":0,"21":0,"22":0,"23":0,"24":0,"25":0,"26":1,"27":1,"28":1,"29":0,"30":0,"31":6,"32":2,"33":2,"34":2,"35":2,"36":2,"37":0,"38":0,"39":0,"40":0,"41":0,"42":0,"43":0,"44":0,"45":0,"46":0,"47":2,"48":0,"49":1,"50":8,"51":1},"f":{"0":2,"1":0,"2":0,"3":0,"4":0,"5":1,"6":0,"7":6,"8":2,"9":2,"10":2,"11":0,"12":0,"13":0,"14":0,"15":2,"16":0,"17":1},"b":{"0":[2],"1":[2],"2":[2],"3":[2],"4":[2],"5":[0,0],"6":[0,0],"7":[0,0],"8":[1,0],"9":[0,0],"10":[0,0],"11":[2,2],"12":[2,6],"13":[1,1,1],"14":[1,1,1]},"meta":{"lastBranch":15,"lastFunction":18,"lastStatement":52,"seen":{"s:31:6:26:Infinity":0,"s:32:19:32:Infinity":1,"s:33:19:33:Infinity":2,"s:34:19:34:Infinity":3,"s:36:21:36:Infinity":4,"s:37:21:37:Infinity":5,"s:38:21:38:Infinity":6,"s:39:21:39:Infinity":7,"s:40:21:40:Infinity":8,"s:42:36:47:Infinity":9,"s:31:13:26:Infinity":10,"b:36:54:36:Infinity":0,"b:37:44:37:Infinity":1,"b:38:44:38:Infinity":2,"b:39:68:39:Infinity":3,"b:40:45:40:Infinity":4,"f:49:2:49:10":0,"s:50:4:50:Infinity":11,"f:53:12:53:26":1,"b:54:4:57:Infinity:undefined:undefined:undefined:undefined":5,"s:54:4:57:Infinity":12,"s:55:6:55:Infinity":13,"s:56:6:56:Infinity":14,"s:59:4:59:Infinity":15,"s:60:4:60:Infinity":16,"s:62:20:62:Infinity":17,"s:63:23:63:Infinity":18,"s:64:21:66:Infinity":19,"b:65:8:65:Infinity:66:8:66:Infinity":6,"s:68:4:85:Infinity":20,"f:69:21:69:27":2,"s:69:27:69:51":21,"f:71:14:71:15":3,"s:72:10:72:Infinity":22,"s:73:10:76:Infinity":23,"b:74:25:74:55:74:55:74:Infinity":7,"s:78:10:78:Infinity":24,"f:80:15:80:20":4,"s:81:10:82:Infinity":25,"f:88:12:88:22":5,"s:89:4:89:Infinity":26,"s:90:4:90:Infinity":27,"s:91:4:96:Infinity":28,"b:95:13:95:31:95:31:95:Infinity":8,"f:99:12:99:21":6,"s:100:4:100:Infinity":29,"s:101:4:106:Infinity":30,"f:109:12:109:26":7,"s:110:4:110:Infinity":31,"f:113:10:113:23":8,"s:114:4:114:Infinity":32,"s:115:4:115:Infinity":33,"s:117:4:127:Infinity":34,"f:119:21:119:27":9,"s:119:27:119:52":35,"f:121:14:121:15":10,"s:121:29:121:Infinity":36,"f:122:15:122:20":11,"s:123:10:124:Infinity":37,"f:130:10:130:22":12,"s:131:21:131:Infinity":38,"s:133:4:137:Infinity":39,"b:137:13:137:38:137:38:137:Infinity":9,"f:141:10:141:25":13,"s:142:22:142:Infinity":40,"s:143:26:143:Infinity":41,"f:143:46:143:47":14,"s:143:56:143:79":42,"b:145:4:149:Infinity:147:11:149:Infinity":10,"s:145:4:149:Infinity":43,"s:146:6:146:Infinity":44,"s:148:6:148:Infinity":45,"s:151:4:151:Infinity":46,"f:154:10:154:24":15,"s:155:4:156:Infinity":47,"f:155:31:155:32":16,"s:156:6:156:102":48,"s:31:13:31:Infinity":49,"b:31:13:31:26:31:13:31:26":11,"f:31:26:31:Infinity":17,"b:31:26:123:Infinity:undefined:undefined:undefined:undefined":12,"s:31:26:123:Infinity":50,"s:31:13:27:Infinity":51,"b:31:13:31:26:31:13:31:26:31:13:27:Infinity":13,"b:31:13:31:26:31:13:31:26:31:13:31:Infinity":14}}}
}
